Using pre-set license
Built from '2020.3/release' branch; Version is '2020.3.12f1 (b3b2c6512326) revision 11776710'; Using compiler version '192528614'; Build Type 'Release'
OS: 'Windows 10 Pro; OS build 19043.1288; Version 2009; 64bit' Language: 'ja' Physical Memory: 4013 MB
BatchMode: 1, IsHumanControllingUs: 0, StartBugReporterOnCrash: 0, Is64bit: 1, IsPro: 0

 COMMAND LINE ARGUMENTS:
C:\Program Files\Unity\Hub\Editor\2020.3.12f1\Editor\Unity.exe
-adb2
-batchMode
-noUpm
-name
AssetImportWorker7
-projectPath
C:/Users/Owner/ARShootingRailMove
-logFile
Logs/AssetImportWorker7.log
-srvPort
54153
Successfully changed project path to: C:/Users/Owner/ARShootingRailMove
C:/Users/Owner/ARShootingRailMove
Using Asset Import Pipeline V2.
Refreshing native plugins compatible for Editor in 420.03 ms, found 9 plugins.
Preloading 1 native plugins for Editor in 10.26 ms.
Initialize engine version: 2020.3.12f1 (b3b2c6512326)
[Subsystems] Discovering subsystems at path C:/Program Files/Unity/Hub/Editor/2020.3.12f1/Editor/Data/Resources/UnitySubsystems
[Subsystems] Discovering subsystems at path C:/Users/Owner/ARShootingRailMove/Assets
GfxDevice: creating device client; threaded=0
Direct3D:
    Version:  Direct3D 11.0 [level 11.1]
    Renderer: Intel(R) HD Graphics 615 (ID=0x591e)
    Vendor:   
    VRAM:     2006 MB
    Driver:   27.20.100.8682
Initialize mono
Mono path[0] = 'C:/Program Files/Unity/Hub/Editor/2020.3.12f1/Editor/Data/Managed'
Mono path[1] = 'C:/Program Files/Unity/Hub/Editor/2020.3.12f1/Editor/Data/MonoBleedingEdge/lib/mono/unityjit'
Mono config path = 'C:/Program Files/Unity/Hub/Editor/2020.3.12f1/Editor/Data/MonoBleedingEdge/etc'
Using monoOptions --debugger-agent=transport=dt_socket,embedding=1,server=y,suspend=n,address=127.0.0.1:56264
Begin MonoManager ReloadAssembly
Registering precompiled unity dll's ...
Register platform support module: C:/Program Files/Unity/Hub/Editor/2020.3.12f1/Editor/Data/PlaybackEngines/WindowsStandaloneSupport/UnityEditor.WindowsStandalone.Extensions.dll
Registered in 0.006773 seconds.
Native extension for WindowsStandalone target not found
Refreshing native plugins compatible for Editor in 202.59 ms, found 9 plugins.
Preloading 1 native plugins for Editor in 0.26 ms.
Mono: successfully reloaded assembly
- Completed reload, in  9.795 seconds
Platform modules already initialized, skipping
Registering precompiled user dll's ...
Registered in 0.023759 seconds.
Begin MonoManager ReloadAssembly
Native extension for WindowsStandalone target not found
Refreshing native plugins compatible for Editor in 155.36 ms, found 9 plugins.
Preloading 1 native plugins for Editor in 0.29 ms.
Mono: successfully reloaded assembly
- Completed reload, in  4.949 seconds
Platform modules already initialized, skipping
========================================================================
Worker process is ready to serve import requests
Launched and connected shader compiler UnityShaderCompiler.exe after 0.14 seconds
Refreshing native plugins compatible for Editor in 1.44 ms, found 9 plugins.
Preloading 1 native plugins for Editor in 0.21 ms.
Unloading 2533 Unused Serialized files (Serialized files now loaded: 0)
System memory in use before: 131.0 MB.
System memory in use after: 130.8 MB.

Unloading 26 unused Assets to reduce memory usage. Loaded Objects now: 2987.
Total: 5.176200 ms (FindLiveObjects: 0.472300 ms CreateObjectMapping: 0.214200 ms MarkObjects: 3.870000 ms  DeleteObjects: 0.616300 ms)

AssetImportParameters requested are different than current active one (requested -> active):
  custom:framework-win-MediaFoundation: 216162199b28c13a410421893ffa2e32 -> 
  custom:video-decoder-ogg-theora: a1e56fd34408186e4bbccfd4996cb3dc -> 
  custom:container-muxer-webm: aa71ff27fc2769a1b78a27578f13a17b -> 
  custom:container-demuxer-webm: 4f35f7cbe854078d1ac9338744f61a02 -> 
  custom:container-demuxer-ogg: 62fdf1f143b41e24485cea50d1cbac27 -> 
  custom:video-encoder-webm-vp8: eb34c28f22e8b96e1ab97ce403110664 -> 
  custom:video-codec-MediaFoundation-h265: 746d11721c4dcdbdad8f713fa42b33f4 -> 
  custom:video-decoder-webm-vp8: 9c59270c3fd7afecdb556c50c9e8de78 -> 
  custom:audio-decoder-ogg-vorbis: bf7c407c2cedff20999df2af8eb42d56 -> 
  custom:audio-encoder-webm-vorbis: bf7c407c2cedff20999df2af8eb42d56 -> 
========================================================================
Received Import Request.
  path: Assets/Scripts/RailMoveController.cs
  artifactKey: Guid(17d9a0233dfeff6439f295e3a1e3a8eb) Importer(815301076,1909f56bfc062723c751e8b465ee728b)
Start importing Assets/Scripts/RailMoveController.cs using Guid(17d9a0233dfeff6439f295e3a1e3a8eb) Importer(815301076,1909f56bfc062723c751e8b465ee728b)  -> (artifact id: '1f786f71b1bc34fdc3a2e370c178f2c6') in 0.119849 seconds 
  Import took 0.135821 seconds .

========================================================================
Received Prepare
Refreshing native plugins compatible for Editor in 16.41 ms, found 9 plugins.
Preloading 1 native plugins for Editor in 0.28 ms.
Unloading 18 Unused Serialized files (Serialized files now loaded: 0)
System memory in use before: 74.9 MB.
System memory in use after: 74.7 MB.

Unloading 18 unused Assets to reduce memory usage. Loaded Objects now: 2987.
Total: 9.454700 ms (FindLiveObjects: 0.562300 ms CreateObjectMapping: 0.329700 ms MarkObjects: 7.120300 ms  DeleteObjects: 1.438300 ms)

AssetImportParameters requested are different than current active one (requested -> active):
  custom:framework-win-MediaFoundation: 216162199b28c13a410421893ffa2e32 -> 
  custom:video-decoder-ogg-theora: a1e56fd34408186e4bbccfd4996cb3dc -> 
  custom:container-muxer-webm: aa71ff27fc2769a1b78a27578f13a17b -> 
  custom:container-demuxer-webm: 4f35f7cbe854078d1ac9338744f61a02 -> 
  custom:container-demuxer-ogg: 62fdf1f143b41e24485cea50d1cbac27 -> 
  custom:video-encoder-webm-vp8: eb34c28f22e8b96e1ab97ce403110664 -> 
  custom:video-codec-MediaFoundation-h265: 746d11721c4dcdbdad8f713fa42b33f4 -> 
  custom:video-decoder-webm-vp8: 9c59270c3fd7afecdb556c50c9e8de78 -> 
  custom:audio-decoder-ogg-vorbis: bf7c407c2cedff20999df2af8eb42d56 -> 
  custom:audio-encoder-webm-vorbis: bf7c407c2cedff20999df2af8eb42d56 -> 
========================================================================
Received Import Request.
  Time since last request: 20.086770 seconds.
  path: Assets/Prefabs/RailPathData.prefab
  artifactKey: Guid(ccd3734c71fdd4849b9ee555bc58bfef) Importer(815301076,1909f56bfc062723c751e8b465ee728b)
Start importing Assets/Prefabs/RailPathData.prefab using Guid(ccd3734c71fdd4849b9ee555bc58bfef) Importer(815301076,1909f56bfc062723c751e8b465ee728b)  -> (artifact id: '0dbd169ce9cb73ea35637295a54ccc63') in 0.103574 seconds 
  Import took 0.114094 seconds .

========================================================================
Received Import Request.
  Time since last request: 47.458369 seconds.
  path: Assets/Prefabs/RailPathData_0.prefab
  artifactKey: Guid(ccd3734c71fdd4849b9ee555bc58bfef) Importer(815301076,1909f56bfc062723c751e8b465ee728b)
Start importing Assets/Prefabs/RailPathData_0.prefab using Guid(ccd3734c71fdd4849b9ee555bc58bfef) Importer(815301076,1909f56bfc062723c751e8b465ee728b)  -> (artifact id: '816dfcf5b93fa3ac8860095aeae7548f') in 0.027818 seconds 
  Import took 0.043250 seconds .

========================================================================
Received Import Request.
  Time since last request: 167.390429 seconds.
  path: Assets/Prefabs/RailPathData_1.prefab
  artifactKey: Guid(c249fdb229b54c2408849c76a54fc16d) Importer(815301076,1909f56bfc062723c751e8b465ee728b)
Start importing Assets/Prefabs/RailPathData_1.prefab using Guid(c249fdb229b54c2408849c76a54fc16d) Importer(815301076,1909f56bfc062723c751e8b465ee728b)  -> (artifact id: 'c53fefd843b48e2a40fbef550d8c26d8') in 0.044894 seconds 
  Import took 0.071679 seconds .

========================================================================
Received Import Request.
  Time since last request: 2.161251 seconds.
  path: Assets/Prefabs/RailPathData_2.prefab
  artifactKey: Guid(de764b1a91ab0e24eb0a5724af200be0) Importer(815301076,1909f56bfc062723c751e8b465ee728b)
Start importing Assets/Prefabs/RailPathData_2.prefab using Guid(de764b1a91ab0e24eb0a5724af200be0) Importer(815301076,1909f56bfc062723c751e8b465ee728b)  -> (artifact id: '91975ed4bcb6e9b81bc034d932b7bc7d') in 0.038766 seconds 
  Import took 0.060687 seconds .

========================================================================
Received Prepare
Registering precompiled user dll's ...
Registered in 0.097763 seconds.
Begin MonoManager ReloadAssembly
Native extension for WindowsStandalone target not found
Refreshing native plugins compatible for Editor in 2.59 ms, found 9 plugins.
Preloading 1 native plugins for Editor in 0.38 ms.
Mono: successfully reloaded assembly
- Completed reload, in  3.809 seconds
Platform modules already initialized, skipping
Refreshing native plugins compatible for Editor in 1.72 ms, found 9 plugins.
Preloading 1 native plugins for Editor in 0.30 ms.
Unloading 2426 Unused Serialized files (Serialized files now loaded: 0)
System memory in use before: 123.0 MB.
System memory in use after: 122.9 MB.

Unloading 21 unused Assets to reduce memory usage. Loaded Objects now: 2991.
Total: 9.595900 ms (FindLiveObjects: 0.730600 ms CreateObjectMapping: 0.291700 ms MarkObjects: 7.076100 ms  DeleteObjects: 1.492600 ms)

AssetImportParameters requested are different than current active one (requested -> active):
  custom:framework-win-MediaFoundation: 216162199b28c13a410421893ffa2e32 -> 
  custom:video-decoder-ogg-theora: a1e56fd34408186e4bbccfd4996cb3dc -> 
  custom:container-muxer-webm: aa71ff27fc2769a1b78a27578f13a17b -> 
  custom:container-demuxer-webm: 4f35f7cbe854078d1ac9338744f61a02 -> 
  custom:container-demuxer-ogg: 62fdf1f143b41e24485cea50d1cbac27 -> 
  custom:video-encoder-webm-vp8: eb34c28f22e8b96e1ab97ce403110664 -> 
  custom:video-codec-MediaFoundation-h265: 746d11721c4dcdbdad8f713fa42b33f4 -> 
  custom:video-decoder-webm-vp8: 9c59270c3fd7afecdb556c50c9e8de78 -> 
  custom:audio-decoder-ogg-vorbis: bf7c407c2cedff20999df2af8eb42d56 -> 
  custom:audio-encoder-webm-vorbis: bf7c407c2cedff20999df2af8eb42d56 -> 
========================================================================
Received Prepare
Registering precompiled user dll's ...
Registered in 0.055963 seconds.
Begin MonoManager ReloadAssembly
Native extension for WindowsStandalone target not found
Refreshing native plugins compatible for Editor in 2.21 ms, found 9 plugins.
Preloading 1 native plugins for Editor in 0.32 ms.
Mono: successfully reloaded assembly
- Completed reload, in  5.193 seconds
Platform modules already initialized, skipping
Refreshing native plugins compatible for Editor in 1.37 ms, found 9 plugins.
Preloading 1 native plugins for Editor in 0.20 ms.
Unloading 2426 Unused Serialized files (Serialized files now loaded: 0)
System memory in use before: 123.1 MB.
System memory in use after: 122.9 MB.

Unloading 21 unused Assets to reduce memory usage. Loaded Objects now: 2995.
Total: 11.162400 ms (FindLiveObjects: 0.758600 ms CreateObjectMapping: 0.396000 ms MarkObjects: 7.893400 ms  DeleteObjects: 2.111200 ms)

AssetImportParameters requested are different than current active one (requested -> active):
  custom:framework-win-MediaFoundation: 216162199b28c13a410421893ffa2e32 -> 
  custom:video-decoder-ogg-theora: a1e56fd34408186e4bbccfd4996cb3dc -> 
  custom:container-muxer-webm: aa71ff27fc2769a1b78a27578f13a17b -> 
  custom:container-demuxer-webm: 4f35f7cbe854078d1ac9338744f61a02 -> 
  custom:container-demuxer-ogg: 62fdf1f143b41e24485cea50d1cbac27 -> 
  custom:video-encoder-webm-vp8: eb34c28f22e8b96e1ab97ce403110664 -> 
  custom:video-codec-MediaFoundation-h265: 746d11721c4dcdbdad8f713fa42b33f4 -> 
  custom:video-decoder-webm-vp8: 9c59270c3fd7afecdb556c50c9e8de78 -> 
  custom:audio-decoder-ogg-vorbis: bf7c407c2cedff20999df2af8eb42d56 -> 
  custom:audio-encoder-webm-vorbis: bf7c407c2cedff20999df2af8eb42d56 -> 
========================================================================
Received Prepare
Registering precompiled user dll's ...
Registered in 0.089980 seconds.
Begin MonoManager ReloadAssembly
Native extension for WindowsStandalone target not found
Refreshing native plugins compatible for Editor in 2.37 ms, found 9 plugins.
Preloading 1 native plugins for Editor in 0.27 ms.
Mono: successfully reloaded assembly
- Completed reload, in  3.421 seconds
Platform modules already initialized, skipping
Refreshing native plugins compatible for Editor in 2.94 ms, found 9 plugins.
Preloading 1 native plugins for Editor in 0.42 ms.
Unloading 2426 Unused Serialized files (Serialized files now loaded: 0)
System memory in use before: 123.1 MB.
System memory in use after: 122.9 MB.

Unloading 21 unused Assets to reduce memory usage. Loaded Objects now: 2999.
Total: 8.521800 ms (FindLiveObjects: 0.613800 ms CreateObjectMapping: 0.275900 ms MarkObjects: 6.709100 ms  DeleteObjects: 0.918900 ms)

AssetImportParameters requested are different than current active one (requested -> active):
  custom:framework-win-MediaFoundation: 216162199b28c13a410421893ffa2e32 -> 
  custom:video-decoder-ogg-theora: a1e56fd34408186e4bbccfd4996cb3dc -> 
  custom:container-muxer-webm: aa71ff27fc2769a1b78a27578f13a17b -> 
  custom:container-demuxer-webm: 4f35f7cbe854078d1ac9338744f61a02 -> 
  custom:container-demuxer-ogg: 62fdf1f143b41e24485cea50d1cbac27 -> 
  custom:video-encoder-webm-vp8: eb34c28f22e8b96e1ab97ce403110664 -> 
  custom:video-codec-MediaFoundation-h265: 746d11721c4dcdbdad8f713fa42b33f4 -> 
  custom:video-decoder-webm-vp8: 9c59270c3fd7afecdb556c50c9e8de78 -> 
  custom:audio-decoder-ogg-vorbis: bf7c407c2cedff20999df2af8eb42d56 -> 
  custom:audio-encoder-webm-vorbis: bf7c407c2cedff20999df2af8eb42d56 -> 
========================================================================
Received Import Request.
  Time since last request: 670.118148 seconds.
  path: Assets/Scripts/RailPathData.cs
  artifactKey: Guid(71538b957bd849a4aa564defc95572d0) Importer(815301076,1909f56bfc062723c751e8b465ee728b)
Start importing Assets/Scripts/RailPathData.cs using Guid(71538b957bd849a4aa564defc95572d0) Importer(815301076,1909f56bfc062723c751e8b465ee728b)  -> (artifact id: 'dcec5db7d2b594591cfd944b084edfcf') in 0.056913 seconds 
  Import took 0.086447 seconds .

========================================================================
Received Import Request.
  Time since last request: 0.013091 seconds.
  path: Assets/Scripts/RailPathData.cs
  artifactKey: Guid(71538b957bd849a4aa564defc95572d0) Importer(815301076,1909f56bfc062723c751e8b465ee728b)
Start importing Assets/Scripts/RailPathData.cs using Guid(71538b957bd849a4aa564defc95572d0) Importer(815301076,1909f56bfc062723c751e8b465ee728b)  -> (artifact id: 'dcec5db7d2b594591cfd944b084edfcf') in 0.026139 seconds 
  Import took 0.047630 seconds .

========================================================================
Received Import Request.
  Time since last request: 3.159695 seconds.
  path: Assets/Scripts/RailMoveController.cs
  artifactKey: Guid(17d9a0233dfeff6439f295e3a1e3a8eb) Importer(815301076,1909f56bfc062723c751e8b465ee728b)
Start importing Assets/Scripts/RailMoveController.cs using Guid(17d9a0233dfeff6439f295e3a1e3a8eb) Importer(815301076,1909f56bfc062723c751e8b465ee728b)  -> (artifact id: 'e0751ddcc512f3e05c900db2423d8da1') in 0.017771 seconds 
  Import took 0.034563 seconds .

========================================================================
Received Import Request.
  Time since last request: 0.017201 seconds.
  path: Assets/Scripts/RailMoveController.cs
  artifactKey: Guid(17d9a0233dfeff6439f295e3a1e3a8eb) Importer(815301076,1909f56bfc062723c751e8b465ee728b)
Start importing Assets/Scripts/RailMoveController.cs using Guid(17d9a0233dfeff6439f295e3a1e3a8eb) Importer(815301076,1909f56bfc062723c751e8b465ee728b)  -> (artifact id: 'e0751ddcc512f3e05c900db2423d8da1') in 0.019415 seconds 
  Import took 0.035602 seconds .

========================================================================
Received Prepare
Registering precompiled user dll's ...
Registered in 0.071190 seconds.
Begin MonoManager ReloadAssembly
Native extension for WindowsStandalone target not found
Refreshing native plugins compatible for Editor in 1.73 ms, found 9 plugins.
Preloading 1 native plugins for Editor in 0.89 ms.
Mono: successfully reloaded assembly
- Completed reload, in  3.045 seconds
Platform modules already initialized, skipping
Refreshing native plugins compatible for Editor in 1.79 ms, found 9 plugins.
Preloading 1 native plugins for Editor in 0.21 ms.
Unloading 2426 Unused Serialized files (Serialized files now loaded: 0)
System memory in use before: 123.1 MB.
System memory in use after: 123.0 MB.

Unloading 21 unused Assets to reduce memory usage. Loaded Objects now: 3003.
Total: 5.338100 ms (FindLiveObjects: 0.650500 ms CreateObjectMapping: 0.243300 ms MarkObjects: 3.658000 ms  DeleteObjects: 0.783100 ms)

AssetImportParameters requested are different than current active one (requested -> active):
  custom:framework-win-MediaFoundation: 216162199b28c13a410421893ffa2e32 -> 
  custom:video-decoder-ogg-theora: a1e56fd34408186e4bbccfd4996cb3dc -> 
  custom:container-muxer-webm: aa71ff27fc2769a1b78a27578f13a17b -> 
  custom:container-demuxer-webm: 4f35f7cbe854078d1ac9338744f61a02 -> 
  custom:container-demuxer-ogg: 62fdf1f143b41e24485cea50d1cbac27 -> 
  custom:video-encoder-webm-vp8: eb34c28f22e8b96e1ab97ce403110664 -> 
  custom:video-codec-MediaFoundation-h265: 746d11721c4dcdbdad8f713fa42b33f4 -> 
  custom:video-decoder-webm-vp8: 9c59270c3fd7afecdb556c50c9e8de78 -> 
  custom:audio-decoder-ogg-vorbis: bf7c407c2cedff20999df2af8eb42d56 -> 
  custom:audio-encoder-webm-vorbis: bf7c407c2cedff20999df2af8eb42d56 -> 
========================================================================
Received Import Request.
  Time since last request: 206.009161 seconds.
  path: Assets/Prefabs/RailPathData_0.prefab
  artifactKey: Guid(ccd3734c71fdd4849b9ee555bc58bfef) Importer(815301076,1909f56bfc062723c751e8b465ee728b)
Start importing Assets/Prefabs/RailPathData_0.prefab using Guid(ccd3734c71fdd4849b9ee555bc58bfef) Importer(815301076,1909f56bfc062723c751e8b465ee728b)  -> (artifact id: '3879a4b9fb6eebf4c3ed477ae6b228fb') in 0.062561 seconds 
  Import took 0.070417 seconds .

========================================================================
Received Import Request.
  Time since last request: 3.259107 seconds.
  path: Assets/Prefabs/RailPathData_0.prefab
  artifactKey: Guid(ccd3734c71fdd4849b9ee555bc58bfef) Importer(815301076,1909f56bfc062723c751e8b465ee728b)
Start importing Assets/Prefabs/RailPathData_0.prefab using Guid(ccd3734c71fdd4849b9ee555bc58bfef) Importer(815301076,1909f56bfc062723c751e8b465ee728b)  -> (artifact id: '3879a4b9fb6eebf4c3ed477ae6b228fb') in 0.024878 seconds 
  Import took 0.037536 seconds .

========================================================================
Received Prepare
Registering precompiled user dll's ...
Registered in 0.054281 seconds.
Begin MonoManager ReloadAssembly
Native extension for WindowsStandalone target not found
Refreshing native plugins compatible for Editor in 1.56 ms, found 9 plugins.
Preloading 1 native plugins for Editor in 0.30 ms.
Mono: successfully reloaded assembly
- Completed reload, in  3.028 seconds
Platform modules already initialized, skipping
Refreshing native plugins compatible for Editor in 1.50 ms, found 9 plugins.
Preloading 1 native plugins for Editor in 0.23 ms.
Unloading 2426 Unused Serialized files (Serialized files now loaded: 0)
System memory in use before: 123.1 MB.
System memory in use after: 122.9 MB.

Unloading 21 unused Assets to reduce memory usage. Loaded Objects now: 3007.
Total: 12.484300 ms (FindLiveObjects: 0.609000 ms CreateObjectMapping: 0.480600 ms MarkObjects: 10.291900 ms  DeleteObjects: 1.099900 ms)

AssetImportParameters requested are different than current active one (requested -> active):
  custom:framework-win-MediaFoundation: 216162199b28c13a410421893ffa2e32 -> 
  custom:video-decoder-ogg-theora: a1e56fd34408186e4bbccfd4996cb3dc -> 
  custom:container-muxer-webm: aa71ff27fc2769a1b78a27578f13a17b -> 
  custom:container-demuxer-webm: 4f35f7cbe854078d1ac9338744f61a02 -> 
  custom:container-demuxer-ogg: 62fdf1f143b41e24485cea50d1cbac27 -> 
  custom:video-encoder-webm-vp8: eb34c28f22e8b96e1ab97ce403110664 -> 
  custom:video-codec-MediaFoundation-h265: 746d11721c4dcdbdad8f713fa42b33f4 -> 
  custom:video-decoder-webm-vp8: 9c59270c3fd7afecdb556c50c9e8de78 -> 
  custom:audio-decoder-ogg-vorbis: bf7c407c2cedff20999df2af8eb42d56 -> 
  custom:audio-encoder-webm-vorbis: bf7c407c2cedff20999df2af8eb42d56 -> 
========================================================================
Received Import Request.
  Time since last request: 264.837811 seconds.
  path: Assets/Prefabs/RailPathData_0.prefab
  artifactKey: Guid(ccd3734c71fdd4849b9ee555bc58bfef) Importer(815301076,1909f56bfc062723c751e8b465ee728b)
Start importing Assets/Prefabs/RailPathData_0.prefab using Guid(ccd3734c71fdd4849b9ee555bc58bfef) Importer(815301076,1909f56bfc062723c751e8b465ee728b)  -> (artifact id: 'ac5ad4ba8aed1dc29effd008c2d70ed2') in 0.074812 seconds 
  Import took 0.088289 seconds .

========================================================================
Received Import Request.
  Time since last request: 6.719307 seconds.
  path: Assets/Prefabs/RailPathData_0.prefab
  artifactKey: Guid(ccd3734c71fdd4849b9ee555bc58bfef) Importer(815301076,1909f56bfc062723c751e8b465ee728b)
Start importing Assets/Prefabs/RailPathData_0.prefab using Guid(ccd3734c71fdd4849b9ee555bc58bfef) Importer(815301076,1909f56bfc062723c751e8b465ee728b)  -> (artifact id: '48609aaec6a64ae2b8f8e50c8fc5c964') in 0.022298 seconds 
  Import took 0.057839 seconds .

========================================================================
Received Import Request.
  Time since last request: 37.349147 seconds.
  path: Assets/Prefabs/RailPathData_0.prefab
  artifactKey: Guid(ccd3734c71fdd4849b9ee555bc58bfef) Importer(815301076,1909f56bfc062723c751e8b465ee728b)
Start importing Assets/Prefabs/RailPathData_0.prefab using Guid(ccd3734c71fdd4849b9ee555bc58bfef) Importer(815301076,1909f56bfc062723c751e8b465ee728b)  -> (artifact id: '1e13d8ed9d75c80cc472810813a9debb') in 0.019128 seconds 
  Import took 0.035603 seconds .

========================================================================
Received Import Request.
  Time since last request: 186.433701 seconds.
  path: Assets/Scripts/UIManager.cs
  artifactKey: Guid(18c1e40fd370ec24e857816ff49aa807) Importer(815301076,1909f56bfc062723c751e8b465ee728b)
Start importing Assets/Scripts/UIManager.cs using Guid(18c1e40fd370ec24e857816ff49aa807) Importer(815301076,1909f56bfc062723c751e8b465ee728b)  -> (artifact id: '4a168c9fc93590eecc322aa6218afbd2') in 0.189782 seconds 
  Import took 0.385997 seconds .

========================================================================
Received Prepare
Registering precompiled user dll's ...
Registered in 0.047777 seconds.
Begin MonoManager ReloadAssembly
Native extension for WindowsStandalone target not found
Refreshing native plugins compatible for Editor in 1.81 ms, found 9 plugins.
Preloading 1 native plugins for Editor in 0.59 ms.
Mono: successfully reloaded assembly
- Completed reload, in  4.010 seconds
Platform modules already initialized, skipping
Refreshing native plugins compatible for Editor in 1.88 ms, found 9 plugins.
Preloading 1 native plugins for Editor in 0.41 ms.
Unloading 2427 Unused Serialized files (Serialized files now loaded: 0)
System memory in use before: 123.2 MB.
System memory in use after: 123.0 MB.

Unloading 21 unused Assets to reduce memory usage. Loaded Objects now: 3012.
Total: 20.939600 ms (FindLiveObjects: 0.839000 ms CreateObjectMapping: 1.327400 ms MarkObjects: 17.217200 ms  DeleteObjects: 1.549800 ms)

AssetImportParameters requested are different than current active one (requested -> active):
  custom:framework-win-MediaFoundation: 216162199b28c13a410421893ffa2e32 -> 
  custom:video-decoder-ogg-theora: a1e56fd34408186e4bbccfd4996cb3dc -> 
  custom:container-muxer-webm: aa71ff27fc2769a1b78a27578f13a17b -> 
  custom:container-demuxer-webm: 4f35f7cbe854078d1ac9338744f61a02 -> 
  custom:container-demuxer-ogg: 62fdf1f143b41e24485cea50d1cbac27 -> 
  custom:video-encoder-webm-vp8: eb34c28f22e8b96e1ab97ce403110664 -> 
  custom:video-codec-MediaFoundation-h265: 746d11721c4dcdbdad8f713fa42b33f4 -> 
  custom:video-decoder-webm-vp8: 9c59270c3fd7afecdb556c50c9e8de78 -> 
  custom:audio-decoder-ogg-vorbis: bf7c407c2cedff20999df2af8eb42d56 -> 
  custom:audio-encoder-webm-vorbis: bf7c407c2cedff20999df2af8eb42d56 -> 
========================================================================
Received Prepare
Registering precompiled user dll's ...
Registered in 0.016200 seconds.
Begin MonoManager ReloadAssembly
Native extension for WindowsStandalone target not found
Refreshing native plugins compatible for Editor in 2.01 ms, found 9 plugins.
Preloading 1 native plugins for Editor in 0.31 ms.
Mono: successfully reloaded assembly
- Completed reload, in  3.297 seconds
Platform modules already initialized, skipping
Refreshing native plugins compatible for Editor in 1.65 ms, found 9 plugins.
Preloading 1 native plugins for Editor in 0.27 ms.
Unloading 2427 Unused Serialized files (Serialized files now loaded: 0)
System memory in use before: 123.2 MB.
System memory in use after: 123.0 MB.

Unloading 21 unused Assets to reduce memory usage. Loaded Objects now: 3016.
Total: 9.996800 ms (FindLiveObjects: 1.012700 ms CreateObjectMapping: 0.408100 ms MarkObjects: 7.196600 ms  DeleteObjects: 1.374800 ms)

AssetImportParameters requested are different than current active one (requested -> active):
  custom:framework-win-MediaFoundation: 216162199b28c13a410421893ffa2e32 -> 
  custom:video-decoder-ogg-theora: a1e56fd34408186e4bbccfd4996cb3dc -> 
  custom:container-muxer-webm: aa71ff27fc2769a1b78a27578f13a17b -> 
  custom:container-demuxer-webm: 4f35f7cbe854078d1ac9338744f61a02 -> 
  custom:container-demuxer-ogg: 62fdf1f143b41e24485cea50d1cbac27 -> 
  custom:video-encoder-webm-vp8: eb34c28f22e8b96e1ab97ce403110664 -> 
  custom:video-codec-MediaFoundation-h265: 746d11721c4dcdbdad8f713fa42b33f4 -> 
  custom:video-decoder-webm-vp8: 9c59270c3fd7afecdb556c50c9e8de78 -> 
  custom:audio-decoder-ogg-vorbis: bf7c407c2cedff20999df2af8eb42d56 -> 
  custom:audio-encoder-webm-vorbis: bf7c407c2cedff20999df2af8eb42d56 -> 
========================================================================
Received Import Request.
  Time since last request: 580.790015 seconds.
  path: Assets/Scripts/UIManager.cs
  artifactKey: Guid(18c1e40fd370ec24e857816ff49aa807) Importer(815301076,1909f56bfc062723c751e8b465ee728b)
Start importing Assets/Scripts/UIManager.cs using Guid(18c1e40fd370ec24e857816ff49aa807) Importer(815301076,1909f56bfc062723c751e8b465ee728b)  -> (artifact id: 'e3341ba2261831263e36c46a845f6daf') in 0.018973 seconds 
  Import took 0.032391 seconds .

========================================================================
Received Import Request.
  Time since last request: 43.035486 seconds.
  path: Assets/Prefabs/btnRight.prefab
  artifactKey: Guid(53d2642075786bf43a2ae1cd0b440d8b) Importer(815301076,1909f56bfc062723c751e8b465ee728b)
Start importing Assets/Prefabs/btnRight.prefab using Guid(53d2642075786bf43a2ae1cd0b440d8b) Importer(815301076,1909f56bfc062723c751e8b465ee728b)  -> (artifact id: '1d1cee172bc2325fcffecfac6fa8c17f') in 0.176209 seconds 
  Import took 0.194013 seconds .

========================================================================
Received Import Request.
  Time since last request: 0.003760 seconds.
  path: Assets/Prefabs/btnRight.prefab
  artifactKey: Guid(53d2642075786bf43a2ae1cd0b440d8b) Importer(815301076,1909f56bfc062723c751e8b465ee728b)
Start importing Assets/Prefabs/btnRight.prefab using Guid(53d2642075786bf43a2ae1cd0b440d8b) Importer(815301076,1909f56bfc062723c751e8b465ee728b)  -> (artifact id: '1d1cee172bc2325fcffecfac6fa8c17f') in 0.031802 seconds 
  Import took 0.053309 seconds .

========================================================================
Received Import Request.
  Time since last request: 1.201011 seconds.
  path: Assets/Prefabs/btnLeft.prefab
  artifactKey: Guid(8c36d5b8523967a418210c929384d409) Importer(815301076,1909f56bfc062723c751e8b465ee728b)
Start importing Assets/Prefabs/btnLeft.prefab using Guid(8c36d5b8523967a418210c929384d409) Importer(815301076,1909f56bfc062723c751e8b465ee728b)  -> (artifact id: '8d74de44d198f3803cb83fa38f62de39') in 0.029671 seconds 
  Import took 0.044696 seconds .

========================================================================
Received Prepare
Registering precompiled user dll's ...
Registered in 0.079060 seconds.
Begin MonoManager ReloadAssembly
Native extension for WindowsStandalone target not found
Refreshing native plugins compatible for Editor in 1.48 ms, found 9 plugins.
Preloading 1 native plugins for Editor in 0.20 ms.
Mono: successfully reloaded assembly
- Completed reload, in  2.988 seconds
Platform modules already initialized, skipping
Refreshing native plugins compatible for Editor in 1.76 ms, found 9 plugins.
Preloading 1 native plugins for Editor in 0.28 ms.
Unloading 2427 Unused Serialized files (Serialized files now loaded: 0)
System memory in use before: 123.3 MB.
System memory in use after: 123.1 MB.

Unloading 22 unused Assets to reduce memory usage. Loaded Objects now: 3022.
Total: 8.575700 ms (FindLiveObjects: 0.651700 ms CreateObjectMapping: 0.387200 ms MarkObjects: 6.414900 ms  DeleteObjects: 1.118500 ms)

AssetImportParameters requested are different than current active one (requested -> active):
  custom:framework-win-MediaFoundation: 216162199b28c13a410421893ffa2e32 -> 
  custom:video-decoder-ogg-theora: a1e56fd34408186e4bbccfd4996cb3dc -> 
  custom:container-muxer-webm: aa71ff27fc2769a1b78a27578f13a17b -> 
  custom:container-demuxer-webm: 4f35f7cbe854078d1ac9338744f61a02 -> 
  custom:container-demuxer-ogg: 62fdf1f143b41e24485cea50d1cbac27 -> 
  custom:video-encoder-webm-vp8: eb34c28f22e8b96e1ab97ce403110664 -> 
  custom:video-codec-MediaFoundation-h265: 746d11721c4dcdbdad8f713fa42b33f4 -> 
  custom:video-decoder-webm-vp8: 9c59270c3fd7afecdb556c50c9e8de78 -> 
  custom:audio-decoder-ogg-vorbis: bf7c407c2cedff20999df2af8eb42d56 -> 
  custom:audio-encoder-webm-vorbis: bf7c407c2cedff20999df2af8eb42d56 -> 
========================================================================
Received Prepare
Registering precompiled user dll's ...
Registered in 0.064931 seconds.
Begin MonoManager ReloadAssembly
Native extension for WindowsStandalone target not found
Refreshing native plugins compatible for Editor in 1.30 ms, found 9 plugins.
Preloading 1 native plugins for Editor in 0.17 ms.
Mono: successfully reloaded assembly
- Completed reload, in  2.829 seconds
Platform modules already initialized, skipping
Refreshing native plugins compatible for Editor in 2.54 ms, found 9 plugins.
Preloading 1 native plugins for Editor in 0.30 ms.
Unloading 2427 Unused Serialized files (Serialized files now loaded: 0)
System memory in use before: 123.3 MB.
System memory in use after: 123.1 MB.

Unloading 21 unused Assets to reduce memory usage. Loaded Objects now: 3026.
Total: 7.192800 ms (FindLiveObjects: 0.717400 ms CreateObjectMapping: 0.297500 ms MarkObjects: 5.163700 ms  DeleteObjects: 1.012100 ms)

AssetImportParameters requested are different than current active one (requested -> active):
  custom:framework-win-MediaFoundation: 216162199b28c13a410421893ffa2e32 -> 
  custom:video-decoder-ogg-theora: a1e56fd34408186e4bbccfd4996cb3dc -> 
  custom:container-muxer-webm: aa71ff27fc2769a1b78a27578f13a17b -> 
  custom:container-demuxer-webm: 4f35f7cbe854078d1ac9338744f61a02 -> 
  custom:container-demuxer-ogg: 62fdf1f143b41e24485cea50d1cbac27 -> 
  custom:video-encoder-webm-vp8: eb34c28f22e8b96e1ab97ce403110664 -> 
  custom:video-codec-MediaFoundation-h265: 746d11721c4dcdbdad8f713fa42b33f4 -> 
  custom:video-decoder-webm-vp8: 9c59270c3fd7afecdb556c50c9e8de78 -> 
  custom:audio-decoder-ogg-vorbis: bf7c407c2cedff20999df2af8eb42d56 -> 
  custom:audio-encoder-webm-vorbis: bf7c407c2cedff20999df2af8eb42d56 -> 
========================================================================
Received Prepare
Registering precompiled user dll's ...
Registered in 0.050032 seconds.
Begin MonoManager ReloadAssembly
Native extension for WindowsStandalone target not found
Refreshing native plugins compatible for Editor in 2.18 ms, found 9 plugins.
Preloading 1 native plugins for Editor in 0.26 ms.
Mono: successfully reloaded assembly
- Completed reload, in  2.999 seconds
Platform modules already initialized, skipping
Refreshing native plugins compatible for Editor in 1.77 ms, found 9 plugins.
Preloading 1 native plugins for Editor in 0.22 ms.
Unloading 2427 Unused Serialized files (Serialized files now loaded: 0)
System memory in use before: 123.2 MB.
System memory in use after: 123.0 MB.

Unloading 21 unused Assets to reduce memory usage. Loaded Objects now: 3030.
Total: 6.179200 ms (FindLiveObjects: 0.564000 ms CreateObjectMapping: 0.274500 ms MarkObjects: 4.496900 ms  DeleteObjects: 0.840200 ms)

AssetImportParameters requested are different than current active one (requested -> active):
  custom:framework-win-MediaFoundation: 216162199b28c13a410421893ffa2e32 -> 
  custom:video-decoder-ogg-theora: a1e56fd34408186e4bbccfd4996cb3dc -> 
  custom:container-muxer-webm: aa71ff27fc2769a1b78a27578f13a17b -> 
  custom:container-demuxer-webm: 4f35f7cbe854078d1ac9338744f61a02 -> 
  custom:container-demuxer-ogg: 62fdf1f143b41e24485cea50d1cbac27 -> 
  custom:video-encoder-webm-vp8: eb34c28f22e8b96e1ab97ce403110664 -> 
  custom:video-codec-MediaFoundation-h265: 746d11721c4dcdbdad8f713fa42b33f4 -> 
  custom:video-decoder-webm-vp8: 9c59270c3fd7afecdb556c50c9e8de78 -> 
  custom:audio-decoder-ogg-vorbis: bf7c407c2cedff20999df2af8eb42d56 -> 
  custom:audio-encoder-webm-vorbis: bf7c407c2cedff20999df2af8eb42d56 -> 
========================================================================
Received Import Request.
  Time since last request: 872.752892 seconds.
  path: Assets/Scripts/BranchButton.cs
  artifactKey: Guid(76756d7d8f1e9ec42b0a867bd5f2d4aa) Importer(815301076,1909f56bfc062723c751e8b465ee728b)
Start importing Assets/Scripts/BranchButton.cs using Guid(76756d7d8f1e9ec42b0a867bd5f2d4aa) Importer(815301076,1909f56bfc062723c751e8b465ee728b)  -> (artifact id: '5b89650bccc9d6bed9a843d40fb35b53') in 0.253972 seconds 
  Import took 0.276145 seconds .

========================================================================
Received Prepare
Registering precompiled user dll's ...
Registered in 0.120858 seconds.
Begin MonoManager ReloadAssembly
Native extension for WindowsStandalone target not found
Refreshing native plugins compatible for Editor in 1.55 ms, found 9 plugins.
Preloading 1 native plugins for Editor in 0.27 ms.
Mono: successfully reloaded assembly
- Completed reload, in  3.599 seconds
Platform modules already initialized, skipping
Refreshing native plugins compatible for Editor in 3.47 ms, found 9 plugins.
Preloading 1 native plugins for Editor in 0.32 ms.
Unloading 2428 Unused Serialized files (Serialized files now loaded: 0)
System memory in use before: 123.3 MB.
System memory in use after: 123.1 MB.

Unloading 21 unused Assets to reduce memory usage. Loaded Objects now: 3035.
Total: 13.542200 ms (FindLiveObjects: 1.090300 ms CreateObjectMapping: 0.742000 ms MarkObjects: 10.948900 ms  DeleteObjects: 0.757600 ms)

AssetImportParameters requested are different than current active one (requested -> active):
  custom:framework-win-MediaFoundation: 216162199b28c13a410421893ffa2e32 -> 
  custom:video-decoder-ogg-theora: a1e56fd34408186e4bbccfd4996cb3dc -> 
  custom:container-muxer-webm: aa71ff27fc2769a1b78a27578f13a17b -> 
  custom:container-demuxer-webm: 4f35f7cbe854078d1ac9338744f61a02 -> 
  custom:container-demuxer-ogg: 62fdf1f143b41e24485cea50d1cbac27 -> 
  custom:video-encoder-webm-vp8: eb34c28f22e8b96e1ab97ce403110664 -> 
  custom:video-codec-MediaFoundation-h265: 746d11721c4dcdbdad8f713fa42b33f4 -> 
  custom:video-decoder-webm-vp8: 9c59270c3fd7afecdb556c50c9e8de78 -> 
  custom:audio-decoder-ogg-vorbis: bf7c407c2cedff20999df2af8eb42d56 -> 
  custom:audio-encoder-webm-vorbis: bf7c407c2cedff20999df2af8eb42d56 -> 
========================================================================
Received Prepare
Registering precompiled user dll's ...
Registered in 0.053068 seconds.
Begin MonoManager ReloadAssembly
Native extension for WindowsStandalone target not found
Refreshing native plugins compatible for Editor in 14.40 ms, found 9 plugins.
Preloading 1 native plugins for Editor in 0.58 ms.
Mono: successfully reloaded assembly
- Completed reload, in  5.813 seconds
Platform modules already initialized, skipping
Refreshing native plugins compatible for Editor in 1.57 ms, found 9 plugins.
Preloading 1 native plugins for Editor in 0.23 ms.
Unloading 2428 Unused Serialized files (Serialized files now loaded: 0)
System memory in use before: 123.3 MB.
System memory in use after: 123.2 MB.

Unloading 21 unused Assets to reduce memory usage. Loaded Objects now: 3039.
Total: 53.121200 ms (FindLiveObjects: 2.308500 ms CreateObjectMapping: 1.829000 ms MarkObjects: 40.770100 ms  DeleteObjects: 8.201600 ms)

AssetImportParameters requested are different than current active one (requested -> active):
  custom:framework-win-MediaFoundation: 216162199b28c13a410421893ffa2e32 -> 
  custom:video-decoder-ogg-theora: a1e56fd34408186e4bbccfd4996cb3dc -> 
  custom:container-muxer-webm: aa71ff27fc2769a1b78a27578f13a17b -> 
  custom:container-demuxer-webm: 4f35f7cbe854078d1ac9338744f61a02 -> 
  custom:container-demuxer-ogg: 62fdf1f143b41e24485cea50d1cbac27 -> 
  custom:video-encoder-webm-vp8: eb34c28f22e8b96e1ab97ce403110664 -> 
  custom:video-codec-MediaFoundation-h265: 746d11721c4dcdbdad8f713fa42b33f4 -> 
  custom:video-decoder-webm-vp8: 9c59270c3fd7afecdb556c50c9e8de78 -> 
  custom:audio-decoder-ogg-vorbis: bf7c407c2cedff20999df2af8eb42d56 -> 
  custom:audio-encoder-webm-vorbis: bf7c407c2cedff20999df2af8eb42d56 -> 
========================================================================
Received Import Request.
  Time since last request: 1092.031132 seconds.
  path: Assets/Scripts/BranchButton.cs
  artifactKey: Guid(76756d7d8f1e9ec42b0a867bd5f2d4aa) Importer(815301076,1909f56bfc062723c751e8b465ee728b)
Start importing Assets/Scripts/BranchButton.cs using Guid(76756d7d8f1e9ec42b0a867bd5f2d4aa) Importer(815301076,1909f56bfc062723c751e8b465ee728b)  -> (artifact id: '1ed00dedfd5b240f32910422b303f825') in 0.130968 seconds 
  Import took 0.170898 seconds .

========================================================================
Received Prepare
Registering precompiled user dll's ...
Registered in 0.059530 seconds.
Begin MonoManager ReloadAssembly
Native extension for WindowsStandalone target not found
Refreshing native plugins compatible for Editor in 5.13 ms, found 9 plugins.
Preloading 1 native plugins for Editor in 0.36 ms.
Mono: successfully reloaded assembly
- Completed reload, in  3.802 seconds
Platform modules already initialized, skipping
Refreshing native plugins compatible for Editor in 2.13 ms, found 9 plugins.
Preloading 1 native plugins for Editor in 0.28 ms.
Unloading 2428 Unused Serialized files (Serialized files now loaded: 0)
System memory in use before: 123.3 MB.
System memory in use after: 123.2 MB.

Unloading 21 unused Assets to reduce memory usage. Loaded Objects now: 3043.
Total: 17.137600 ms (FindLiveObjects: 0.614500 ms CreateObjectMapping: 0.384500 ms MarkObjects: 13.649600 ms  DeleteObjects: 2.485800 ms)

AssetImportParameters requested are different than current active one (requested -> active):
  custom:framework-win-MediaFoundation: 216162199b28c13a410421893ffa2e32 -> 
  custom:video-decoder-ogg-theora: a1e56fd34408186e4bbccfd4996cb3dc -> 
  custom:container-muxer-webm: aa71ff27fc2769a1b78a27578f13a17b -> 
  custom:container-demuxer-webm: 4f35f7cbe854078d1ac9338744f61a02 -> 
  custom:container-demuxer-ogg: 62fdf1f143b41e24485cea50d1cbac27 -> 
  custom:video-encoder-webm-vp8: eb34c28f22e8b96e1ab97ce403110664 -> 
  custom:video-codec-MediaFoundation-h265: 746d11721c4dcdbdad8f713fa42b33f4 -> 
  custom:video-decoder-webm-vp8: 9c59270c3fd7afecdb556c50c9e8de78 -> 
  custom:audio-decoder-ogg-vorbis: bf7c407c2cedff20999df2af8eb42d56 -> 
  custom:audio-encoder-webm-vorbis: bf7c407c2cedff20999df2af8eb42d56 -> 
