Using pre-set license
Built from '2020.3/release' branch; Version is '2020.3.12f1 (b3b2c6512326) revision 11776710'; Using compiler version '192528614'; Build Type 'Release'
OS: 'Windows 10 Pro; OS build 19043.1288; Version 2009; 64bit' Language: 'ja' Physical Memory: 4013 MB
BatchMode: 1, IsHumanControllingUs: 0, StartBugReporterOnCrash: 0, Is64bit: 1, IsPro: 0

 COMMAND LINE ARGUMENTS:
C:\Program Files\Unity\Hub\Editor\2020.3.12f1\Editor\Unity.exe
-adb2
-batchMode
-noUpm
-name
AssetImportWorker3
-projectPath
C:/Users/Owner/ARShootingRailMove
-logFile
Logs/AssetImportWorker3.log
-srvPort
49934
Successfully changed project path to: C:/Users/Owner/ARShootingRailMove
C:/Users/Owner/ARShootingRailMove
Using Asset Import Pipeline V2.
Refreshing native plugins compatible for Editor in 179.12 ms, found 9 plugins.
Preloading 1 native plugins for Editor in 7.37 ms.
Initialize engine version: 2020.3.12f1 (b3b2c6512326)
[Subsystems] Discovering subsystems at path C:/Program Files/Unity/Hub/Editor/2020.3.12f1/Editor/Data/Resources/UnitySubsystems
[Subsystems] Discovering subsystems at path C:/Users/Owner/ARShootingRailMove/Assets
GfxDevice: creating device client; threaded=0
Direct3D:
    Version:  Direct3D 11.0 [level 11.1]
    Renderer: Intel(R) HD Graphics 615 (ID=0x591e)
    Vendor:   
    VRAM:     2006 MB
    Driver:   27.20.100.8682
Initialize mono
Mono path[0] = 'C:/Program Files/Unity/Hub/Editor/2020.3.12f1/Editor/Data/Managed'
Mono path[1] = 'C:/Program Files/Unity/Hub/Editor/2020.3.12f1/Editor/Data/MonoBleedingEdge/lib/mono/unityjit'
Mono config path = 'C:/Program Files/Unity/Hub/Editor/2020.3.12f1/Editor/Data/MonoBleedingEdge/etc'
Using monoOptions --debugger-agent=transport=dt_socket,embedding=1,server=y,suspend=n,address=127.0.0.1:56064
Begin MonoManager ReloadAssembly
Registering precompiled unity dll's ...
Register platform support module: C:/Program Files/Unity/Hub/Editor/2020.3.12f1/Editor/Data/PlaybackEngines/WindowsStandaloneSupport/UnityEditor.WindowsStandalone.Extensions.dll
Registered in 0.005659 seconds.
Native extension for WindowsStandalone target not found
Refreshing native plugins compatible for Editor in 134.53 ms, found 9 plugins.
Preloading 1 native plugins for Editor in 0.35 ms.
Mono: successfully reloaded assembly
- Completed reload, in  5.112 seconds
Platform modules already initialized, skipping
Registering precompiled user dll's ...
Registered in 0.028383 seconds.
Begin MonoManager ReloadAssembly
Native extension for WindowsStandalone target not found
Refreshing native plugins compatible for Editor in 207.06 ms, found 9 plugins.
Preloading 1 native plugins for Editor in 0.22 ms.
Mono: successfully reloaded assembly
- Completed reload, in  7.704 seconds
Platform modules already initialized, skipping
========================================================================
Worker process is ready to serve import requests
Launched and connected shader compiler UnityShaderCompiler.exe after 1.13 seconds
Refreshing native plugins compatible for Editor in 2.08 ms, found 9 plugins.
Preloading 1 native plugins for Editor in 0.33 ms.
Unloading 2533 Unused Serialized files (Serialized files now loaded: 0)
System memory in use before: 131.0 MB.
System memory in use after: 130.8 MB.

Unloading 26 unused Assets to reduce memory usage. Loaded Objects now: 2987.
Total: 19.324300 ms (FindLiveObjects: 1.356500 ms CreateObjectMapping: 0.393800 ms MarkObjects: 15.850300 ms  DeleteObjects: 1.715600 ms)

AssetImportParameters requested are different than current active one (requested -> active):
  custom:framework-win-MediaFoundation: 216162199b28c13a410421893ffa2e32 -> 
  custom:video-decoder-ogg-theora: a1e56fd34408186e4bbccfd4996cb3dc -> 
  custom:container-muxer-webm: aa71ff27fc2769a1b78a27578f13a17b -> 
  custom:container-demuxer-webm: 4f35f7cbe854078d1ac9338744f61a02 -> 
  custom:container-demuxer-ogg: 62fdf1f143b41e24485cea50d1cbac27 -> 
  custom:video-encoder-webm-vp8: eb34c28f22e8b96e1ab97ce403110664 -> 
  custom:video-codec-MediaFoundation-h265: 746d11721c4dcdbdad8f713fa42b33f4 -> 
  custom:video-decoder-webm-vp8: 9c59270c3fd7afecdb556c50c9e8de78 -> 
  custom:audio-decoder-ogg-vorbis: bf7c407c2cedff20999df2af8eb42d56 -> 
  custom:audio-encoder-webm-vorbis: bf7c407c2cedff20999df2af8eb42d56 -> 
========================================================================
Received Import Request.
  path: Assets/ExampleAssets/Materials/PlacedCubeMat.mat
  artifactKey: Guid(0ce7ca15cd93341beb67396a494cef55) Importer(815301076,1909f56bfc062723c751e8b465ee728b)
Start importing Assets/ExampleAssets/Materials/PlacedCubeMat.mat using Guid(0ce7ca15cd93341beb67396a494cef55) Importer(815301076,1909f56bfc062723c751e8b465ee728b)  -> (artifact id: '43b9e294dc389259e6418debb7748f46') in 7.014527 seconds 
  Import took 7.036414 seconds .

========================================================================
Received Import Request.
  Time since last request: 0.001075 seconds.
  path: Assets/Scripts/PlayerPrefsHelper.cs
  artifactKey: Guid(b6370451a212c484eac82729e58a3dff) Importer(815301076,1909f56bfc062723c751e8b465ee728b)
Start importing Assets/Scripts/PlayerPrefsHelper.cs using Guid(b6370451a212c484eac82729e58a3dff) Importer(815301076,1909f56bfc062723c751e8b465ee728b)  -> (artifact id: 'd7560dd3d7d929d48c46f07acfd2b27c') in 0.045857 seconds 
  Import took 0.057554 seconds .

========================================================================
Received Import Request.
  Time since last request: 311.282418 seconds.
  path: Assets/Scripts/PlayerPrefsHelper.cs
  artifactKey: Guid(b6370451a212c484eac82729e58a3dff) Importer(815301076,1909f56bfc062723c751e8b465ee728b)
Start importing Assets/Scripts/PlayerPrefsHelper.cs using Guid(b6370451a212c484eac82729e58a3dff) Importer(815301076,1909f56bfc062723c751e8b465ee728b)  -> (artifact id: '80999b00853610e335e84e7c2861ae3f') in 0.026373 seconds 
  Import took 0.163511 seconds .

========================================================================
Received Import Request.
  Time since last request: 287.680200 seconds.
  path: Assets/Scripts/PlayerPrefsHelper.cs
  artifactKey: Guid(b6370451a212c484eac82729e58a3dff) Importer(815301076,1909f56bfc062723c751e8b465ee728b)
Start importing Assets/Scripts/PlayerPrefsHelper.cs using Guid(b6370451a212c484eac82729e58a3dff) Importer(815301076,1909f56bfc062723c751e8b465ee728b)  -> (artifact id: 'd7fac56917340771f8ca0f3d74bc5a82') in 0.011480 seconds 
  Import took 0.045765 seconds .

========================================================================
Received Import Request.
  Time since last request: 69.530907 seconds.
  path: Assets/Scripts/PlayerPrefsHelper.cs
  artifactKey: Guid(b6370451a212c484eac82729e58a3dff) Importer(815301076,1909f56bfc062723c751e8b465ee728b)
Start importing Assets/Scripts/PlayerPrefsHelper.cs using Guid(b6370451a212c484eac82729e58a3dff) Importer(815301076,1909f56bfc062723c751e8b465ee728b)  -> (artifact id: 'cdabe25002e46081e555c6ab3685f77f') in 0.016153 seconds 
  Import took 0.030976 seconds .

========================================================================
Received Import Request.
  Time since last request: 63.485528 seconds.
  path: Assets/Scripts/PlayerPrefsHelper.cs
  artifactKey: Guid(b6370451a212c484eac82729e58a3dff) Importer(815301076,1909f56bfc062723c751e8b465ee728b)
Start importing Assets/Scripts/PlayerPrefsHelper.cs using Guid(b6370451a212c484eac82729e58a3dff) Importer(815301076,1909f56bfc062723c751e8b465ee728b)  -> (artifact id: '9f78c1bee969caf999103408b64cebcd') in 0.023135 seconds 
  Import took 0.059790 seconds .

========================================================================
Received Import Request.
  Time since last request: 181.074433 seconds.
  path: Assets/Scripts/PlayerPrefsHelper.cs
  artifactKey: Guid(b6370451a212c484eac82729e58a3dff) Importer(815301076,1909f56bfc062723c751e8b465ee728b)
Start importing Assets/Scripts/PlayerPrefsHelper.cs using Guid(b6370451a212c484eac82729e58a3dff) Importer(815301076,1909f56bfc062723c751e8b465ee728b)  -> (artifact id: 'aae23ef773c49fe5277b9eca34608d5c') in 0.034751 seconds 
  Import took 0.061784 seconds .

