Using pre-set license
Built from '2020.3/release' branch; Version is '2020.3.12f1 (b3b2c6512326) revision 11776710'; Using compiler version '192528614'; Build Type 'Release'
OS: 'Windows 10 Pro; OS build 19043.1288; Version 2009; 64bit' Language: 'ja' Physical Memory: 4013 MB
BatchMode: 1, IsHumanControllingUs: 0, StartBugReporterOnCrash: 0, Is64bit: 1, IsPro: 0

 COMMAND LINE ARGUMENTS:
C:\Program Files\Unity\Hub\Editor\2020.3.12f1\Editor\Unity.exe
-adb2
-batchMode
-noUpm
-name
AssetImportWorker4
-projectPath
C:/Users/Owner/ARShootingRailMove
-logFile
Logs/AssetImportWorker4.log
-srvPort
49791
Successfully changed project path to: C:/Users/Owner/ARShootingRailMove
C:/Users/Owner/ARShootingRailMove
Using Asset Import Pipeline V2.
Refreshing native plugins compatible for Editor in 293.87 ms, found 9 plugins.
Preloading 1 native plugins for Editor in 5.66 ms.
Initialize engine version: 2020.3.12f1 (b3b2c6512326)
[Subsystems] Discovering subsystems at path C:/Program Files/Unity/Hub/Editor/2020.3.12f1/Editor/Data/Resources/UnitySubsystems
[Subsystems] Discovering subsystems at path C:/Users/Owner/ARShootingRailMove/Assets
GfxDevice: creating device client; threaded=0
Direct3D:
    Version:  Direct3D 11.0 [level 11.1]
    Renderer: Intel(R) HD Graphics 615 (ID=0x591e)
    Vendor:   
    VRAM:     2006 MB
    Driver:   27.20.100.8682
Initialize mono
Mono path[0] = 'C:/Program Files/Unity/Hub/Editor/2020.3.12f1/Editor/Data/Managed'
Mono path[1] = 'C:/Program Files/Unity/Hub/Editor/2020.3.12f1/Editor/Data/MonoBleedingEdge/lib/mono/unityjit'
Mono config path = 'C:/Program Files/Unity/Hub/Editor/2020.3.12f1/Editor/Data/MonoBleedingEdge/etc'
Using monoOptions --debugger-agent=transport=dt_socket,embedding=1,server=y,suspend=n,address=127.0.0.1:56348
Begin MonoManager ReloadAssembly
Registering precompiled unity dll's ...
Register platform support module: C:/Program Files/Unity/Hub/Editor/2020.3.12f1/Editor/Data/PlaybackEngines/WindowsStandaloneSupport/UnityEditor.WindowsStandalone.Extensions.dll
Registered in 0.003151 seconds.
Native extension for WindowsStandalone target not found
Refreshing native plugins compatible for Editor in 106.69 ms, found 9 plugins.
Preloading 1 native plugins for Editor in 0.22 ms.
Mono: successfully reloaded assembly
- Completed reload, in  8.796 seconds
Platform modules already initialized, skipping
Registering precompiled user dll's ...
Registered in 0.062386 seconds.
Begin MonoManager ReloadAssembly
Native extension for WindowsStandalone target not found
Refreshing native plugins compatible for Editor in 157.76 ms, found 9 plugins.
Preloading 1 native plugins for Editor in 0.44 ms.
Mono: successfully reloaded assembly
- Completed reload, in  3.626 seconds
Platform modules already initialized, skipping
========================================================================
Worker process is ready to serve import requests
Launched and connected shader compiler UnityShaderCompiler.exe after 0.33 seconds
Refreshing native plugins compatible for Editor in 1.96 ms, found 9 plugins.
Preloading 1 native plugins for Editor in 0.34 ms.
Unloading 2281 Unused Serialized files (Serialized files now loaded: 0)
System memory in use before: 123.7 MB.
System memory in use after: 123.5 MB.

Unloading 26 unused Assets to reduce memory usage. Loaded Objects now: 2735.
Total: 19.246700 ms (FindLiveObjects: 1.088100 ms CreateObjectMapping: 0.576500 ms MarkObjects: 14.823600 ms  DeleteObjects: 2.753100 ms)

AssetImportParameters requested are different than current active one (requested -> active):
  custom:framework-win-MediaFoundation: 216162199b28c13a410421893ffa2e32 -> 
  custom:video-decoder-ogg-theora: a1e56fd34408186e4bbccfd4996cb3dc -> 
  custom:container-muxer-webm: aa71ff27fc2769a1b78a27578f13a17b -> 
  custom:container-demuxer-webm: 4f35f7cbe854078d1ac9338744f61a02 -> 
  custom:container-demuxer-ogg: 62fdf1f143b41e24485cea50d1cbac27 -> 
  custom:video-encoder-webm-vp8: eb34c28f22e8b96e1ab97ce403110664 -> 
  custom:video-codec-MediaFoundation-h265: 746d11721c4dcdbdad8f713fa42b33f4 -> 
  custom:video-decoder-webm-vp8: 9c59270c3fd7afecdb556c50c9e8de78 -> 
  custom:audio-decoder-ogg-vorbis: bf7c407c2cedff20999df2af8eb42d56 -> 
  custom:audio-encoder-webm-vorbis: bf7c407c2cedff20999df2af8eb42d56 -> 
========================================================================
Received Import Request.
  path: Assets/Prefabs/Cube.prefab
  artifactKey: Guid(7a719848a07ce654fa10f2fb8460cc17) Importer(815301076,1909f56bfc062723c751e8b465ee728b)
Start importing Assets/Prefabs/Cube.prefab using Guid(7a719848a07ce654fa10f2fb8460cc17) Importer(815301076,1909f56bfc062723c751e8b465ee728b)  -> (artifact id: '09abd99b80894c6920ccc897b71efbe8') in 0.861615 seconds 
  Import took 0.883711 seconds .

========================================================================
Received Prepare
Refreshing native plugins compatible for Editor in 17.28 ms, found 9 plugins.
Preloading 1 native plugins for Editor in 0.16 ms.
Unloading 18 Unused Serialized files (Serialized files now loaded: 0)
System memory in use before: 75.6 MB.
System memory in use after: 75.5 MB.

Unloading 19 unused Assets to reduce memory usage. Loaded Objects now: 2743.
Total: 6.947300 ms (FindLiveObjects: 1.005400 ms CreateObjectMapping: 0.270800 ms MarkObjects: 5.076300 ms  DeleteObjects: 0.592800 ms)

AssetImportParameters requested are different than current active one (requested -> active):
  custom:framework-win-MediaFoundation: 216162199b28c13a410421893ffa2e32 -> 
  custom:video-decoder-ogg-theora: a1e56fd34408186e4bbccfd4996cb3dc -> 
  custom:container-muxer-webm: aa71ff27fc2769a1b78a27578f13a17b -> 
  custom:container-demuxer-webm: 4f35f7cbe854078d1ac9338744f61a02 -> 
  custom:container-demuxer-ogg: 62fdf1f143b41e24485cea50d1cbac27 -> 
  custom:video-encoder-webm-vp8: eb34c28f22e8b96e1ab97ce403110664 -> 
  custom:video-codec-MediaFoundation-h265: 746d11721c4dcdbdad8f713fa42b33f4 -> 
  custom:video-decoder-webm-vp8: 9c59270c3fd7afecdb556c50c9e8de78 -> 
  custom:audio-decoder-ogg-vorbis: bf7c407c2cedff20999df2af8eb42d56 -> 
  custom:audio-encoder-webm-vorbis: bf7c407c2cedff20999df2af8eb42d56 -> 
========================================================================
Received Prepare
Registering precompiled user dll's ...
Registered in 0.050452 seconds.
Begin MonoManager ReloadAssembly
Native extension for WindowsStandalone target not found
Refreshing native plugins compatible for Editor in 1.64 ms, found 9 plugins.
Preloading 1 native plugins for Editor in 0.21 ms.
Mono: successfully reloaded assembly
- Completed reload, in  4.435 seconds
Platform modules already initialized, skipping
Refreshing native plugins compatible for Editor in 1.61 ms, found 9 plugins.
Preloading 1 native plugins for Editor in 0.19 ms.
Unloading 2174 Unused Serialized files (Serialized files now loaded: 0)
System memory in use before: 118.5 MB.
System memory in use after: 118.3 MB.

Unloading 21 unused Assets to reduce memory usage. Loaded Objects now: 2747.
Total: 14.264900 ms (FindLiveObjects: 0.704800 ms CreateObjectMapping: 0.298100 ms MarkObjects: 7.101000 ms  DeleteObjects: 6.156200 ms)

AssetImportParameters requested are different than current active one (requested -> active):
  custom:framework-win-MediaFoundation: 216162199b28c13a410421893ffa2e32 -> 
  custom:video-decoder-ogg-theora: a1e56fd34408186e4bbccfd4996cb3dc -> 
  custom:container-muxer-webm: aa71ff27fc2769a1b78a27578f13a17b -> 
  custom:container-demuxer-webm: 4f35f7cbe854078d1ac9338744f61a02 -> 
  custom:container-demuxer-ogg: 62fdf1f143b41e24485cea50d1cbac27 -> 
  custom:video-encoder-webm-vp8: eb34c28f22e8b96e1ab97ce403110664 -> 
  custom:video-codec-MediaFoundation-h265: 746d11721c4dcdbdad8f713fa42b33f4 -> 
  custom:video-decoder-webm-vp8: 9c59270c3fd7afecdb556c50c9e8de78 -> 
  custom:audio-decoder-ogg-vorbis: bf7c407c2cedff20999df2af8eb42d56 -> 
  custom:audio-encoder-webm-vorbis: bf7c407c2cedff20999df2af8eb42d56 -> 
========================================================================
Received Prepare
Registering precompiled user dll's ...
Registered in 0.067223 seconds.
Begin MonoManager ReloadAssembly
Native extension for WindowsStandalone target not found
Refreshing native plugins compatible for Editor in 1.67 ms, found 9 plugins.
Preloading 1 native plugins for Editor in 0.31 ms.
Mono: successfully reloaded assembly
- Completed reload, in  4.709 seconds
Platform modules already initialized, skipping
Refreshing native plugins compatible for Editor in 1.14 ms, found 9 plugins.
Preloading 1 native plugins for Editor in 0.20 ms.
Unloading 2174 Unused Serialized files (Serialized files now loaded: 0)
System memory in use before: 118.6 MB.
System memory in use after: 118.4 MB.

Unloading 21 unused Assets to reduce memory usage. Loaded Objects now: 2751.
Total: 15.002900 ms (FindLiveObjects: 0.974500 ms CreateObjectMapping: 0.298300 ms MarkObjects: 12.243600 ms  DeleteObjects: 1.483600 ms)

AssetImportParameters requested are different than current active one (requested -> active):
  custom:framework-win-MediaFoundation: 216162199b28c13a410421893ffa2e32 -> 
  custom:video-decoder-ogg-theora: a1e56fd34408186e4bbccfd4996cb3dc -> 
  custom:container-muxer-webm: aa71ff27fc2769a1b78a27578f13a17b -> 
  custom:container-demuxer-webm: 4f35f7cbe854078d1ac9338744f61a02 -> 
  custom:container-demuxer-ogg: 62fdf1f143b41e24485cea50d1cbac27 -> 
  custom:video-encoder-webm-vp8: eb34c28f22e8b96e1ab97ce403110664 -> 
  custom:video-codec-MediaFoundation-h265: 746d11721c4dcdbdad8f713fa42b33f4 -> 
  custom:video-decoder-webm-vp8: 9c59270c3fd7afecdb556c50c9e8de78 -> 
  custom:audio-decoder-ogg-vorbis: bf7c407c2cedff20999df2af8eb42d56 -> 
  custom:audio-encoder-webm-vorbis: bf7c407c2cedff20999df2af8eb42d56 -> 
========================================================================
Received Import Request.
  Time since last request: 1078.155129 seconds.
  path: Assets/Scripts/BranchDirectionType.cs
  artifactKey: Guid(95da8cc59f955dc4682a2374d3ce61f0) Importer(815301076,1909f56bfc062723c751e8b465ee728b)
Start importing Assets/Scripts/BranchDirectionType.cs using Guid(95da8cc59f955dc4682a2374d3ce61f0) Importer(815301076,1909f56bfc062723c751e8b465ee728b)  -> (artifact id: 'f3d0289945808804c192174a40db8d6e') in 0.240809 seconds 
  Import took 0.272983 seconds .

========================================================================
Received Prepare
Registering precompiled user dll's ...
Registered in 0.069574 seconds.
Begin MonoManager ReloadAssembly
Native extension for WindowsStandalone target not found
Refreshing native plugins compatible for Editor in 6.27 ms, found 9 plugins.
Preloading 1 native plugins for Editor in 0.65 ms.
Mono: successfully reloaded assembly
- Completed reload, in  4.116 seconds
Platform modules already initialized, skipping
Refreshing native plugins compatible for Editor in 2.02 ms, found 9 plugins.
Preloading 1 native plugins for Editor in 0.25 ms.
Unloading 2175 Unused Serialized files (Serialized files now loaded: 0)
System memory in use before: 118.6 MB.
System memory in use after: 118.4 MB.

Unloading 21 unused Assets to reduce memory usage. Loaded Objects now: 2756.
Total: 14.437900 ms (FindLiveObjects: 0.453400 ms CreateObjectMapping: 0.200100 ms MarkObjects: 11.598500 ms  DeleteObjects: 2.182500 ms)

AssetImportParameters requested are different than current active one (requested -> active):
  custom:framework-win-MediaFoundation: 216162199b28c13a410421893ffa2e32 -> 
  custom:video-decoder-ogg-theora: a1e56fd34408186e4bbccfd4996cb3dc -> 
  custom:container-muxer-webm: aa71ff27fc2769a1b78a27578f13a17b -> 
  custom:container-demuxer-webm: 4f35f7cbe854078d1ac9338744f61a02 -> 
  custom:container-demuxer-ogg: 62fdf1f143b41e24485cea50d1cbac27 -> 
  custom:video-encoder-webm-vp8: eb34c28f22e8b96e1ab97ce403110664 -> 
  custom:video-codec-MediaFoundation-h265: 746d11721c4dcdbdad8f713fa42b33f4 -> 
  custom:video-decoder-webm-vp8: 9c59270c3fd7afecdb556c50c9e8de78 -> 
  custom:audio-decoder-ogg-vorbis: bf7c407c2cedff20999df2af8eb42d56 -> 
  custom:audio-encoder-webm-vorbis: bf7c407c2cedff20999df2af8eb42d56 -> 
========================================================================
Received Prepare
Registering precompiled user dll's ...
Registered in 0.094626 seconds.
Begin MonoManager ReloadAssembly
Native extension for WindowsStandalone target not found
Refreshing native plugins compatible for Editor in 17.82 ms, found 9 plugins.
Preloading 1 native plugins for Editor in 9.89 ms.
Mono: successfully reloaded assembly
- Completed reload, in  6.894 seconds
Platform modules already initialized, skipping
Refreshing native plugins compatible for Editor in 3.60 ms, found 9 plugins.
Preloading 1 native plugins for Editor in 0.21 ms.
Unloading 2175 Unused Serialized files (Serialized files now loaded: 0)
System memory in use before: 118.6 MB.
System memory in use after: 118.5 MB.

Unloading 21 unused Assets to reduce memory usage. Loaded Objects now: 2760.
Total: 17.315000 ms (FindLiveObjects: 1.203700 ms CreateObjectMapping: 0.312200 ms MarkObjects: 12.472100 ms  DeleteObjects: 3.323500 ms)

AssetImportParameters requested are different than current active one (requested -> active):
  custom:framework-win-MediaFoundation: 216162199b28c13a410421893ffa2e32 -> 
  custom:video-decoder-ogg-theora: a1e56fd34408186e4bbccfd4996cb3dc -> 
  custom:container-muxer-webm: aa71ff27fc2769a1b78a27578f13a17b -> 
  custom:container-demuxer-webm: 4f35f7cbe854078d1ac9338744f61a02 -> 
  custom:container-demuxer-ogg: 62fdf1f143b41e24485cea50d1cbac27 -> 
  custom:video-encoder-webm-vp8: eb34c28f22e8b96e1ab97ce403110664 -> 
  custom:video-codec-MediaFoundation-h265: 746d11721c4dcdbdad8f713fa42b33f4 -> 
  custom:video-decoder-webm-vp8: 9c59270c3fd7afecdb556c50c9e8de78 -> 
  custom:audio-decoder-ogg-vorbis: bf7c407c2cedff20999df2af8eb42d56 -> 
  custom:audio-encoder-webm-vorbis: bf7c407c2cedff20999df2af8eb42d56 -> 
========================================================================
Received Import Request.
  Time since last request: 332.775537 seconds.
  path: Assets/Scripts/StagePathDataSO.cs
  artifactKey: Guid(be122750e43113d4298122ac3e88f8a0) Importer(815301076,1909f56bfc062723c751e8b465ee728b)
Start importing Assets/Scripts/StagePathDataSO.cs using Guid(be122750e43113d4298122ac3e88f8a0) Importer(815301076,1909f56bfc062723c751e8b465ee728b)  -> (artifact id: '9bc992713b69aeb81b36eafb505dc3e5') in 0.071427 seconds 
  Import took 0.083966 seconds .

========================================================================
Received Prepare
Registering precompiled user dll's ...
Registered in 0.115562 seconds.
Begin MonoManager ReloadAssembly
Native extension for WindowsStandalone target not found
Refreshing native plugins compatible for Editor in 2.13 ms, found 9 plugins.
Preloading 1 native plugins for Editor in 0.32 ms.
Mono: successfully reloaded assembly
- Completed reload, in  3.554 seconds
Platform modules already initialized, skipping
Refreshing native plugins compatible for Editor in 1.90 ms, found 9 plugins.
Preloading 1 native plugins for Editor in 0.35 ms.
Unloading 2176 Unused Serialized files (Serialized files now loaded: 0)
System memory in use before: 118.7 MB.
System memory in use after: 118.5 MB.

Unloading 21 unused Assets to reduce memory usage. Loaded Objects now: 2765.
Total: 10.374400 ms (FindLiveObjects: 1.290300 ms CreateObjectMapping: 0.411800 ms MarkObjects: 7.475300 ms  DeleteObjects: 1.191900 ms)

AssetImportParameters requested are different than current active one (requested -> active):
  custom:framework-win-MediaFoundation: 216162199b28c13a410421893ffa2e32 -> 
  custom:video-decoder-ogg-theora: a1e56fd34408186e4bbccfd4996cb3dc -> 
  custom:container-muxer-webm: aa71ff27fc2769a1b78a27578f13a17b -> 
  custom:container-demuxer-webm: 4f35f7cbe854078d1ac9338744f61a02 -> 
  custom:container-demuxer-ogg: 62fdf1f143b41e24485cea50d1cbac27 -> 
  custom:video-encoder-webm-vp8: eb34c28f22e8b96e1ab97ce403110664 -> 
  custom:video-codec-MediaFoundation-h265: 746d11721c4dcdbdad8f713fa42b33f4 -> 
  custom:video-decoder-webm-vp8: 9c59270c3fd7afecdb556c50c9e8de78 -> 
  custom:audio-decoder-ogg-vorbis: bf7c407c2cedff20999df2af8eb42d56 -> 
  custom:audio-encoder-webm-vorbis: bf7c407c2cedff20999df2af8eb42d56 -> 
========================================================================
Received Prepare
Registering precompiled user dll's ...
Registered in 0.097042 seconds.
Begin MonoManager ReloadAssembly
Native extension for WindowsStandalone target not found
Refreshing native plugins compatible for Editor in 10.83 ms, found 9 plugins.
Preloading 1 native plugins for Editor in 3.34 ms.
Mono: successfully reloaded assembly
- Completed reload, in  7.532 seconds
Platform modules already initialized, skipping
Refreshing native plugins compatible for Editor in 4.55 ms, found 9 plugins.
Preloading 1 native plugins for Editor in 0.55 ms.
Unloading 2176 Unused Serialized files (Serialized files now loaded: 0)
System memory in use before: 118.7 MB.
System memory in use after: 118.5 MB.

Unloading 21 unused Assets to reduce memory usage. Loaded Objects now: 2769.
Total: 70.046200 ms (FindLiveObjects: 2.288400 ms CreateObjectMapping: 3.448900 ms MarkObjects: 61.492300 ms  DeleteObjects: 2.750100 ms)

AssetImportParameters requested are different than current active one (requested -> active):
  custom:framework-win-MediaFoundation: 216162199b28c13a410421893ffa2e32 -> 
  custom:video-decoder-ogg-theora: a1e56fd34408186e4bbccfd4996cb3dc -> 
  custom:container-muxer-webm: aa71ff27fc2769a1b78a27578f13a17b -> 
  custom:container-demuxer-webm: 4f35f7cbe854078d1ac9338744f61a02 -> 
  custom:container-demuxer-ogg: 62fdf1f143b41e24485cea50d1cbac27 -> 
  custom:video-encoder-webm-vp8: eb34c28f22e8b96e1ab97ce403110664 -> 
  custom:video-codec-MediaFoundation-h265: 746d11721c4dcdbdad8f713fa42b33f4 -> 
  custom:video-decoder-webm-vp8: 9c59270c3fd7afecdb556c50c9e8de78 -> 
  custom:audio-decoder-ogg-vorbis: bf7c407c2cedff20999df2af8eb42d56 -> 
  custom:audio-encoder-webm-vorbis: bf7c407c2cedff20999df2af8eb42d56 -> 
========================================================================
Received Import Request.
  Time since last request: 929.972780 seconds.
  path: Assets/Datas
  artifactKey: Guid(d5c960b8b5db9304a922e9e7fa4193ba) Importer(815301076,1909f56bfc062723c751e8b465ee728b)
Start importing Assets/Datas using Guid(d5c960b8b5db9304a922e9e7fa4193ba) Importer(815301076,1909f56bfc062723c751e8b465ee728b)  -> (artifact id: 'fcfb79409a00b23e2642240a05d42328') in 0.056831 seconds 
  Import took 0.075034 seconds .

========================================================================
Received Import Request.
  Time since last request: 13.656467 seconds.
  path: Assets/Datas/StagePathDataSO.asset
  artifactKey: Guid(d19244e2df1e69445801b6e2e4d9bc61) Importer(815301076,1909f56bfc062723c751e8b465ee728b)
Start importing Assets/Datas/StagePathDataSO.asset using Guid(d19244e2df1e69445801b6e2e4d9bc61) Importer(815301076,1909f56bfc062723c751e8b465ee728b)  -> (artifact id: 'eaa7faa9d77063500f1191f5782db915') in 0.172951 seconds 
  Import took 0.190859 seconds .

========================================================================
Received Import Request.
  Time since last request: 135.831098 seconds.
  path: Assets/Prefabs/RailPathData.prefab
  artifactKey: Guid(ccd3734c71fdd4849b9ee555bc58bfef) Importer(815301076,1909f56bfc062723c751e8b465ee728b)
Start importing Assets/Prefabs/RailPathData.prefab using Guid(ccd3734c71fdd4849b9ee555bc58bfef) Importer(815301076,1909f56bfc062723c751e8b465ee728b)  -> (artifact id: '8774869785e2c19b2cc7266ef2099262') in 0.278719 seconds 
  Import took 0.293936 seconds .

========================================================================
Received Import Request.
  Time since last request: 0.003523 seconds.
  path: Assets/Prefabs/RailPathData.prefab
  artifactKey: Guid(ccd3734c71fdd4849b9ee555bc58bfef) Importer(815301076,1909f56bfc062723c751e8b465ee728b)
Start importing Assets/Prefabs/RailPathData.prefab using Guid(ccd3734c71fdd4849b9ee555bc58bfef) Importer(815301076,1909f56bfc062723c751e8b465ee728b)  -> (artifact id: '8774869785e2c19b2cc7266ef2099262') in 0.028358 seconds 
  Import took 0.038784 seconds .

========================================================================
Received Import Request.
  Time since last request: 60.814999 seconds.
  path: Assets/Scripts/DataBaseManager.cs
  artifactKey: Guid(cb751b6edb252144eb84dd24bfe035c9) Importer(815301076,1909f56bfc062723c751e8b465ee728b)
Start importing Assets/Scripts/DataBaseManager.cs using Guid(cb751b6edb252144eb84dd24bfe035c9) Importer(815301076,1909f56bfc062723c751e8b465ee728b)  -> (artifact id: '9fdcfd5d7da7ef5d8bca74db8a09690e') in 0.618710 seconds 
  Import took 0.759309 seconds .

========================================================================
Received Prepare
Registering precompiled user dll's ...
Registered in 0.139762 seconds.
Begin MonoManager ReloadAssembly
Native extension for WindowsStandalone target not found
Refreshing native plugins compatible for Editor in 9.01 ms, found 9 plugins.
Preloading 1 native plugins for Editor in 2.84 ms.
Mono: successfully reloaded assembly
- Completed reload, in  4.845 seconds
Platform modules already initialized, skipping
Refreshing native plugins compatible for Editor in 1.54 ms, found 9 plugins.
Preloading 1 native plugins for Editor in 0.33 ms.
Unloading 2177 Unused Serialized files (Serialized files now loaded: 0)
System memory in use before: 118.7 MB.
System memory in use after: 118.5 MB.

Unloading 21 unused Assets to reduce memory usage. Loaded Objects now: 2774.
Total: 18.126900 ms (FindLiveObjects: 1.203600 ms CreateObjectMapping: 0.248700 ms MarkObjects: 14.470500 ms  DeleteObjects: 2.200500 ms)

AssetImportParameters requested are different than current active one (requested -> active):
  custom:framework-win-MediaFoundation: 216162199b28c13a410421893ffa2e32 -> 
  custom:video-decoder-ogg-theora: a1e56fd34408186e4bbccfd4996cb3dc -> 
  custom:container-muxer-webm: aa71ff27fc2769a1b78a27578f13a17b -> 
  custom:container-demuxer-webm: 4f35f7cbe854078d1ac9338744f61a02 -> 
  custom:container-demuxer-ogg: 62fdf1f143b41e24485cea50d1cbac27 -> 
  custom:video-encoder-webm-vp8: eb34c28f22e8b96e1ab97ce403110664 -> 
  custom:video-codec-MediaFoundation-h265: 746d11721c4dcdbdad8f713fa42b33f4 -> 
  custom:video-decoder-webm-vp8: 9c59270c3fd7afecdb556c50c9e8de78 -> 
  custom:audio-decoder-ogg-vorbis: bf7c407c2cedff20999df2af8eb42d56 -> 
  custom:audio-encoder-webm-vorbis: bf7c407c2cedff20999df2af8eb42d56 -> 
========================================================================
Received Prepare
Registering precompiled user dll's ...
Registered in 0.097756 seconds.
Begin MonoManager ReloadAssembly
Native extension for WindowsStandalone target not found
Refreshing native plugins compatible for Editor in 5.74 ms, found 9 plugins.
Preloading 1 native plugins for Editor in 1.62 ms.
Mono: successfully reloaded assembly
- Completed reload, in  6.671 seconds
Platform modules already initialized, skipping
Refreshing native plugins compatible for Editor in 5.50 ms, found 9 plugins.
Preloading 1 native plugins for Editor in 2.80 ms.
Unloading 2177 Unused Serialized files (Serialized files now loaded: 0)
System memory in use before: 118.7 MB.
System memory in use after: 118.6 MB.

Unloading 21 unused Assets to reduce memory usage. Loaded Objects now: 2778.
Total: 58.551900 ms (FindLiveObjects: 5.926100 ms CreateObjectMapping: 0.365100 ms MarkObjects: 49.252900 ms  DeleteObjects: 2.993800 ms)

AssetImportParameters requested are different than current active one (requested -> active):
  custom:framework-win-MediaFoundation: 216162199b28c13a410421893ffa2e32 -> 
  custom:video-decoder-ogg-theora: a1e56fd34408186e4bbccfd4996cb3dc -> 
  custom:container-muxer-webm: aa71ff27fc2769a1b78a27578f13a17b -> 
  custom:container-demuxer-webm: 4f35f7cbe854078d1ac9338744f61a02 -> 
  custom:container-demuxer-ogg: 62fdf1f143b41e24485cea50d1cbac27 -> 
  custom:video-encoder-webm-vp8: eb34c28f22e8b96e1ab97ce403110664 -> 
  custom:video-codec-MediaFoundation-h265: 746d11721c4dcdbdad8f713fa42b33f4 -> 
  custom:video-decoder-webm-vp8: 9c59270c3fd7afecdb556c50c9e8de78 -> 
  custom:audio-decoder-ogg-vorbis: bf7c407c2cedff20999df2af8eb42d56 -> 
  custom:audio-encoder-webm-vorbis: bf7c407c2cedff20999df2af8eb42d56 -> 
========================================================================
Received Import Request.
  Time since last request: 986.980374 seconds.
  path: Assets/Scripts/DataBaseManager.cs
  artifactKey: Guid(cb751b6edb252144eb84dd24bfe035c9) Importer(815301076,1909f56bfc062723c751e8b465ee728b)
Start importing Assets/Scripts/DataBaseManager.cs using Guid(cb751b6edb252144eb84dd24bfe035c9) Importer(815301076,1909f56bfc062723c751e8b465ee728b)  -> (artifact id: '3a3f3df8f6d0d7c9556307cad7baa1f9') in 0.181552 seconds 
  Import took 0.213510 seconds .

========================================================================
Received Import Request.
  Time since last request: 598.445424 seconds.
  path: Assets/Datas/StagePathDataSO.asset
  artifactKey: Guid(d19244e2df1e69445801b6e2e4d9bc61) Importer(815301076,1909f56bfc062723c751e8b465ee728b)
Start importing Assets/Datas/StagePathDataSO.asset using Guid(d19244e2df1e69445801b6e2e4d9bc61) Importer(815301076,1909f56bfc062723c751e8b465ee728b)  -> (artifact id: 'db63fb2a82e86c720f05a344bee906c2') in 1.899638 seconds 
  Import took 2.334482 seconds .

