Using pre-set license
Built from '2020.3/release' branch; Version is '2020.3.12f1 (b3b2c6512326) revision 11776710'; Using compiler version '192528614'; Build Type 'Release'
OS: 'Windows 10 Pro; OS build 19043.1288; Version 2009; 64bit' Language: 'ja' Physical Memory: 4013 MB
BatchMode: 1, IsHumanControllingUs: 0, StartBugReporterOnCrash: 0, Is64bit: 1, IsPro: 0

 COMMAND LINE ARGUMENTS:
C:\Program Files\Unity\Hub\Editor\2020.3.12f1\Editor\Unity.exe
-adb2
-batchMode
-noUpm
-name
AssetImportWorker2
-projectPath
C:/Users/Owner/ARShootingRailMove
-logFile
Logs/AssetImportWorker2.log
-srvPort
64255
Successfully changed project path to: C:/Users/Owner/ARShootingRailMove
C:/Users/Owner/ARShootingRailMove
Using Asset Import Pipeline V2.
Refreshing native plugins compatible for Editor in 320.61 ms, found 9 plugins.
Preloading 1 native plugins for Editor in 7.63 ms.
Initialize engine version: 2020.3.12f1 (b3b2c6512326)
[Subsystems] Discovering subsystems at path C:/Program Files/Unity/Hub/Editor/2020.3.12f1/Editor/Data/Resources/UnitySubsystems
[Subsystems] Discovering subsystems at path C:/Users/Owner/ARShootingRailMove/Assets
GfxDevice: creating device client; threaded=0
Direct3D:
    Version:  Direct3D 11.0 [level 11.1]
    Renderer: Intel(R) HD Graphics 615 (ID=0x591e)
    Vendor:   
    VRAM:     2006 MB
    Driver:   27.20.100.8682
Initialize mono
Mono path[0] = 'C:/Program Files/Unity/Hub/Editor/2020.3.12f1/Editor/Data/Managed'
Mono path[1] = 'C:/Program Files/Unity/Hub/Editor/2020.3.12f1/Editor/Data/MonoBleedingEdge/lib/mono/unityjit'
Mono config path = 'C:/Program Files/Unity/Hub/Editor/2020.3.12f1/Editor/Data/MonoBleedingEdge/etc'
Using monoOptions --debugger-agent=transport=dt_socket,embedding=1,server=y,suspend=n,address=127.0.0.1:56656
Begin MonoManager ReloadAssembly
Registering precompiled unity dll's ...
Register platform support module: C:/Program Files/Unity/Hub/Editor/2020.3.12f1/Editor/Data/PlaybackEngines/WindowsStandaloneSupport/UnityEditor.WindowsStandalone.Extensions.dll
Registered in 0.011541 seconds.
Native extension for WindowsStandalone target not found
Refreshing native plugins compatible for Editor in 148.28 ms, found 9 plugins.
Preloading 1 native plugins for Editor in 0.30 ms.
Mono: successfully reloaded assembly
- Completed reload, in 10.541 seconds
Platform modules already initialized, skipping
Registering precompiled user dll's ...
Registered in 0.072655 seconds.
Begin MonoManager ReloadAssembly
Native extension for WindowsStandalone target not found
Refreshing native plugins compatible for Editor in 130.21 ms, found 9 plugins.
Preloading 1 native plugins for Editor in 0.27 ms.
Mono: successfully reloaded assembly
- Completed reload, in  3.481 seconds
Platform modules already initialized, skipping
========================================================================
Worker process is ready to serve import requests
Launched and connected shader compiler UnityShaderCompiler.exe after 0.16 seconds
Refreshing native plugins compatible for Editor in 1.59 ms, found 9 plugins.
Preloading 1 native plugins for Editor in 0.24 ms.
Unloading 2278 Unused Serialized files (Serialized files now loaded: 0)
System memory in use before: 123.8 MB.
System memory in use after: 123.6 MB.

Unloading 26 unused Assets to reduce memory usage. Loaded Objects now: 2732.
Total: 7.380300 ms (FindLiveObjects: 0.508900 ms CreateObjectMapping: 0.234500 ms MarkObjects: 5.523400 ms  DeleteObjects: 1.110400 ms)

AssetImportParameters requested are different than current active one (requested -> active):
  custom:framework-win-MediaFoundation: 216162199b28c13a410421893ffa2e32 -> 
  custom:video-decoder-ogg-theora: a1e56fd34408186e4bbccfd4996cb3dc -> 
  custom:container-muxer-webm: aa71ff27fc2769a1b78a27578f13a17b -> 
  custom:container-demuxer-webm: 4f35f7cbe854078d1ac9338744f61a02 -> 
  custom:container-demuxer-ogg: 62fdf1f143b41e24485cea50d1cbac27 -> 
  custom:video-encoder-webm-vp8: eb34c28f22e8b96e1ab97ce403110664 -> 
  custom:video-codec-MediaFoundation-h265: 746d11721c4dcdbdad8f713fa42b33f4 -> 
  custom:video-decoder-webm-vp8: 9c59270c3fd7afecdb556c50c9e8de78 -> 
  custom:audio-decoder-ogg-vorbis: bf7c407c2cedff20999df2af8eb42d56 -> 
  custom:audio-encoder-webm-vorbis: bf7c407c2cedff20999df2af8eb42d56 -> 
========================================================================
Received Import Request.
  path: Assets/Scripts/RailMoveController.cs
  artifactKey: Guid(17d9a0233dfeff6439f295e3a1e3a8eb) Importer(815301076,1909f56bfc062723c751e8b465ee728b)
Start importing Assets/Scripts/RailMoveController.cs using Guid(17d9a0233dfeff6439f295e3a1e3a8eb) Importer(815301076,1909f56bfc062723c751e8b465ee728b)  -> (artifact id: '208ef0adc274567df5df8edcb6afa399') in 0.149974 seconds 
  Import took 0.165699 seconds .

========================================================================
Received Prepare
Refreshing native plugins compatible for Editor in 37.01 ms, found 9 plugins.
Preloading 1 native plugins for Editor in 1.40 ms.
Unloading 18 Unused Serialized files (Serialized files now loaded: 0)
System memory in use before: 72.7 MB.
System memory in use after: 72.5 MB.

Unloading 18 unused Assets to reduce memory usage. Loaded Objects now: 2732.
Total: 23.756000 ms (FindLiveObjects: 2.789400 ms CreateObjectMapping: 0.462800 ms MarkObjects: 18.617300 ms  DeleteObjects: 1.431200 ms)

AssetImportParameters requested are different than current active one (requested -> active):
  custom:framework-win-MediaFoundation: 216162199b28c13a410421893ffa2e32 -> 
  custom:video-decoder-ogg-theora: a1e56fd34408186e4bbccfd4996cb3dc -> 
  custom:container-muxer-webm: aa71ff27fc2769a1b78a27578f13a17b -> 
  custom:container-demuxer-webm: 4f35f7cbe854078d1ac9338744f61a02 -> 
  custom:container-demuxer-ogg: 62fdf1f143b41e24485cea50d1cbac27 -> 
  custom:video-encoder-webm-vp8: eb34c28f22e8b96e1ab97ce403110664 -> 
  custom:video-codec-MediaFoundation-h265: 746d11721c4dcdbdad8f713fa42b33f4 -> 
  custom:video-decoder-webm-vp8: 9c59270c3fd7afecdb556c50c9e8de78 -> 
  custom:audio-decoder-ogg-vorbis: bf7c407c2cedff20999df2af8eb42d56 -> 
  custom:audio-encoder-webm-vorbis: bf7c407c2cedff20999df2af8eb42d56 -> 
========================================================================
Received Prepare
Registering precompiled user dll's ...
Registered in 0.108398 seconds.
Begin MonoManager ReloadAssembly
Native extension for WindowsStandalone target not found
Refreshing native plugins compatible for Editor in 2.17 ms, found 9 plugins.
Preloading 1 native plugins for Editor in 0.35 ms.
Mono: successfully reloaded assembly
- Completed reload, in  7.220 seconds
Platform modules already initialized, skipping
Refreshing native plugins compatible for Editor in 1.60 ms, found 9 plugins.
Preloading 1 native plugins for Editor in 0.27 ms.
Unloading 2171 Unused Serialized files (Serialized files now loaded: 0)
System memory in use before: 115.7 MB.
System memory in use after: 115.5 MB.

Unloading 21 unused Assets to reduce memory usage. Loaded Objects now: 2736.
Total: 8.770600 ms (FindLiveObjects: 0.569500 ms CreateObjectMapping: 0.284100 ms MarkObjects: 6.916700 ms  DeleteObjects: 0.996500 ms)

AssetImportParameters requested are different than current active one (requested -> active):
  custom:framework-win-MediaFoundation: 216162199b28c13a410421893ffa2e32 -> 
  custom:video-decoder-ogg-theora: a1e56fd34408186e4bbccfd4996cb3dc -> 
  custom:container-muxer-webm: aa71ff27fc2769a1b78a27578f13a17b -> 
  custom:container-demuxer-webm: 4f35f7cbe854078d1ac9338744f61a02 -> 
  custom:container-demuxer-ogg: 62fdf1f143b41e24485cea50d1cbac27 -> 
  custom:video-encoder-webm-vp8: eb34c28f22e8b96e1ab97ce403110664 -> 
  custom:video-codec-MediaFoundation-h265: 746d11721c4dcdbdad8f713fa42b33f4 -> 
  custom:video-decoder-webm-vp8: 9c59270c3fd7afecdb556c50c9e8de78 -> 
  custom:audio-decoder-ogg-vorbis: bf7c407c2cedff20999df2af8eb42d56 -> 
  custom:audio-encoder-webm-vorbis: bf7c407c2cedff20999df2af8eb42d56 -> 
========================================================================
Received Import Request.
  Time since last request: 297.471055 seconds.
  path: ProjectSettings/TagManager.asset
  artifactKey: Guid(00000000000000003000000000000000) Importer(815301076,1909f56bfc062723c751e8b465ee728b)
Start importing ProjectSettings/TagManager.asset using Guid(00000000000000003000000000000000) Importer(815301076,1909f56bfc062723c751e8b465ee728b)  -> (artifact id: '6c862efd687358b85025783ef62fc07e') in 0.194466 seconds 
  Import took 0.217283 seconds .

========================================================================
Received Import Request.
  Time since last request: 35.687153 seconds.
  path: Assets/Scripts/PlayerController.cs
  artifactKey: Guid(68ceca0bac9eb8c4185eba76d9228d66) Importer(815301076,1909f56bfc062723c751e8b465ee728b)
Start importing Assets/Scripts/PlayerController.cs using Guid(68ceca0bac9eb8c4185eba76d9228d66) Importer(815301076,1909f56bfc062723c751e8b465ee728b)  -> (artifact id: 'caba86705c61090424a9e1321017df8e') in 0.084518 seconds 
  Import took 0.127932 seconds .

========================================================================
Received Prepare
Registering precompiled user dll's ...
Registered in 0.066949 seconds.
Begin MonoManager ReloadAssembly
Native extension for WindowsStandalone target not found
Refreshing native plugins compatible for Editor in 2.13 ms, found 9 plugins.
Preloading 1 native plugins for Editor in 0.30 ms.
Mono: successfully reloaded assembly
- Completed reload, in  3.687 seconds
Platform modules already initialized, skipping
Refreshing native plugins compatible for Editor in 2.14 ms, found 9 plugins.
Preloading 1 native plugins for Editor in 0.26 ms.
Unloading 2172 Unused Serialized files (Serialized files now loaded: 0)
System memory in use before: 115.7 MB.
System memory in use after: 115.6 MB.

Unloading 22 unused Assets to reduce memory usage. Loaded Objects now: 2741.
Total: 7.640300 ms (FindLiveObjects: 0.614300 ms CreateObjectMapping: 0.312800 ms MarkObjects: 5.857100 ms  DeleteObjects: 0.852600 ms)

AssetImportParameters requested are different than current active one (requested -> active):
  custom:framework-win-MediaFoundation: 216162199b28c13a410421893ffa2e32 -> 
  custom:video-decoder-ogg-theora: a1e56fd34408186e4bbccfd4996cb3dc -> 
  custom:container-muxer-webm: aa71ff27fc2769a1b78a27578f13a17b -> 
  custom:container-demuxer-webm: 4f35f7cbe854078d1ac9338744f61a02 -> 
  custom:container-demuxer-ogg: 62fdf1f143b41e24485cea50d1cbac27 -> 
  custom:video-encoder-webm-vp8: eb34c28f22e8b96e1ab97ce403110664 -> 
  custom:video-codec-MediaFoundation-h265: 746d11721c4dcdbdad8f713fa42b33f4 -> 
  custom:video-decoder-webm-vp8: 9c59270c3fd7afecdb556c50c9e8de78 -> 
  custom:audio-decoder-ogg-vorbis: bf7c407c2cedff20999df2af8eb42d56 -> 
  custom:audio-encoder-webm-vorbis: bf7c407c2cedff20999df2af8eb42d56 -> 
========================================================================
Received Prepare
Registering precompiled user dll's ...
Registered in 0.089878 seconds.
Begin MonoManager ReloadAssembly
Native extension for WindowsStandalone target not found
Refreshing native plugins compatible for Editor in 7.54 ms, found 9 plugins.
Preloading 1 native plugins for Editor in 1.31 ms.
Mono: successfully reloaded assembly
- Completed reload, in  6.646 seconds
Platform modules already initialized, skipping
Refreshing native plugins compatible for Editor in 2.55 ms, found 9 plugins.
Preloading 1 native plugins for Editor in 0.72 ms.
Unloading 2172 Unused Serialized files (Serialized files now loaded: 0)
System memory in use before: 115.8 MB.
System memory in use after: 115.6 MB.

Unloading 21 unused Assets to reduce memory usage. Loaded Objects now: 2745.
Total: 37.417300 ms (FindLiveObjects: 1.790200 ms CreateObjectMapping: 0.653600 ms MarkObjects: 33.387800 ms  DeleteObjects: 1.580300 ms)

AssetImportParameters requested are different than current active one (requested -> active):
  custom:framework-win-MediaFoundation: 216162199b28c13a410421893ffa2e32 -> 
  custom:video-decoder-ogg-theora: a1e56fd34408186e4bbccfd4996cb3dc -> 
  custom:container-muxer-webm: aa71ff27fc2769a1b78a27578f13a17b -> 
  custom:container-demuxer-webm: 4f35f7cbe854078d1ac9338744f61a02 -> 
  custom:container-demuxer-ogg: 62fdf1f143b41e24485cea50d1cbac27 -> 
  custom:video-encoder-webm-vp8: eb34c28f22e8b96e1ab97ce403110664 -> 
  custom:video-codec-MediaFoundation-h265: 746d11721c4dcdbdad8f713fa42b33f4 -> 
  custom:video-decoder-webm-vp8: 9c59270c3fd7afecdb556c50c9e8de78 -> 
  custom:audio-decoder-ogg-vorbis: bf7c407c2cedff20999df2af8eb42d56 -> 
  custom:audio-encoder-webm-vorbis: bf7c407c2cedff20999df2af8eb42d56 -> 
========================================================================
Received Import Request.
  Time since last request: 2476.364453 seconds.
  path: Assets/Scripts/PlayerController.cs
  artifactKey: Guid(68ceca0bac9eb8c4185eba76d9228d66) Importer(815301076,1909f56bfc062723c751e8b465ee728b)
Start importing Assets/Scripts/PlayerController.cs using Guid(68ceca0bac9eb8c4185eba76d9228d66) Importer(815301076,1909f56bfc062723c751e8b465ee728b)  -> (artifact id: 'db05f7eaee9bb32376c7c1054ea7406d') in 0.047850 seconds 
  Import took 0.064463 seconds .

========================================================================
Received Import Request.
  Time since last request: 65.965783 seconds.
  path: Assets/Scripts/EffectManager.cs
  artifactKey: Guid(5a23f88e88629ec4da3f8138100b200a) Importer(815301076,1909f56bfc062723c751e8b465ee728b)
Start importing Assets/Scripts/EffectManager.cs using Guid(5a23f88e88629ec4da3f8138100b200a) Importer(815301076,1909f56bfc062723c751e8b465ee728b)  -> (artifact id: 'ce33c2c42c393184e0d2e8e67b05ffdb') in 0.187846 seconds 
  Import took 0.227868 seconds .

========================================================================
Received Prepare
Registering precompiled user dll's ...
Registered in 0.069779 seconds.
Begin MonoManager ReloadAssembly
Native extension for WindowsStandalone target not found
Refreshing native plugins compatible for Editor in 1.84 ms, found 9 plugins.
Preloading 1 native plugins for Editor in 0.31 ms.
Mono: successfully reloaded assembly
- Completed reload, in  3.868 seconds
Platform modules already initialized, skipping
Refreshing native plugins compatible for Editor in 2.00 ms, found 9 plugins.
Preloading 1 native plugins for Editor in 0.36 ms.
Unloading 2173 Unused Serialized files (Serialized files now loaded: 0)
System memory in use before: 115.9 MB.
System memory in use after: 115.7 MB.

Unloading 21 unused Assets to reduce memory usage. Loaded Objects now: 2750.
Total: 9.942900 ms (FindLiveObjects: 0.777200 ms CreateObjectMapping: 0.283700 ms MarkObjects: 8.026100 ms  DeleteObjects: 0.852300 ms)

AssetImportParameters requested are different than current active one (requested -> active):
  custom:framework-win-MediaFoundation: 216162199b28c13a410421893ffa2e32 -> 
  custom:video-decoder-ogg-theora: a1e56fd34408186e4bbccfd4996cb3dc -> 
  custom:container-muxer-webm: aa71ff27fc2769a1b78a27578f13a17b -> 
  custom:container-demuxer-webm: 4f35f7cbe854078d1ac9338744f61a02 -> 
  custom:container-demuxer-ogg: 62fdf1f143b41e24485cea50d1cbac27 -> 
  custom:video-encoder-webm-vp8: eb34c28f22e8b96e1ab97ce403110664 -> 
  custom:video-codec-MediaFoundation-h265: 746d11721c4dcdbdad8f713fa42b33f4 -> 
  custom:video-decoder-webm-vp8: 9c59270c3fd7afecdb556c50c9e8de78 -> 
  custom:audio-decoder-ogg-vorbis: bf7c407c2cedff20999df2af8eb42d56 -> 
  custom:audio-encoder-webm-vorbis: bf7c407c2cedff20999df2af8eb42d56 -> 
========================================================================
Received Prepare
Registering precompiled user dll's ...
Registered in 0.081727 seconds.
Begin MonoManager ReloadAssembly
Native extension for WindowsStandalone target not found
Refreshing native plugins compatible for Editor in 1.61 ms, found 9 plugins.
Preloading 1 native plugins for Editor in 0.27 ms.
Mono: successfully reloaded assembly
- Completed reload, in  3.378 seconds
Platform modules already initialized, skipping
Refreshing native plugins compatible for Editor in 2.63 ms, found 9 plugins.
Preloading 1 native plugins for Editor in 0.40 ms.
Unloading 2173 Unused Serialized files (Serialized files now loaded: 0)
System memory in use before: 115.9 MB.
System memory in use after: 115.7 MB.

Unloading 21 unused Assets to reduce memory usage. Loaded Objects now: 2754.
Total: 8.125900 ms (FindLiveObjects: 0.786700 ms CreateObjectMapping: 0.359700 ms MarkObjects: 6.083900 ms  DeleteObjects: 0.890700 ms)

AssetImportParameters requested are different than current active one (requested -> active):
  custom:framework-win-MediaFoundation: 216162199b28c13a410421893ffa2e32 -> 
  custom:video-decoder-ogg-theora: a1e56fd34408186e4bbccfd4996cb3dc -> 
  custom:container-muxer-webm: aa71ff27fc2769a1b78a27578f13a17b -> 
  custom:container-demuxer-webm: 4f35f7cbe854078d1ac9338744f61a02 -> 
  custom:container-demuxer-ogg: 62fdf1f143b41e24485cea50d1cbac27 -> 
  custom:video-encoder-webm-vp8: eb34c28f22e8b96e1ab97ce403110664 -> 
  custom:video-codec-MediaFoundation-h265: 746d11721c4dcdbdad8f713fa42b33f4 -> 
  custom:video-decoder-webm-vp8: 9c59270c3fd7afecdb556c50c9e8de78 -> 
  custom:audio-decoder-ogg-vorbis: bf7c407c2cedff20999df2af8eb42d56 -> 
  custom:audio-encoder-webm-vorbis: bf7c407c2cedff20999df2af8eb42d56 -> 
========================================================================
Received Import Request.
  Time since last request: 309.250319 seconds.
  path: Assets/Scripts/EffectManager.cs
  artifactKey: Guid(5a23f88e88629ec4da3f8138100b200a) Importer(815301076,1909f56bfc062723c751e8b465ee728b)
Start importing Assets/Scripts/EffectManager.cs using Guid(5a23f88e88629ec4da3f8138100b200a) Importer(815301076,1909f56bfc062723c751e8b465ee728b)  -> (artifact id: 'b821a29e7ba6cf65ff0fc7a2628c1ae3') in 0.017612 seconds 
  Import took 0.028042 seconds .

========================================================================
Received Import Request.
  Time since last request: 131.513992 seconds.
  path: Assets/Scripts/RayController.cs
  artifactKey: Guid(9b86ab288f68373499eb804e4374abfd) Importer(815301076,1909f56bfc062723c751e8b465ee728b)
Start importing Assets/Scripts/RayController.cs using Guid(9b86ab288f68373499eb804e4374abfd) Importer(815301076,1909f56bfc062723c751e8b465ee728b)  -> (artifact id: 'e62a9913dc944ab409c3726d6fbb24a4') in 0.052204 seconds 
  Import took 0.075861 seconds .

========================================================================
Received Import Request.
  Time since last request: 0.005732 seconds.
  path: Assets/Scripts/RayController.cs
  artifactKey: Guid(9b86ab288f68373499eb804e4374abfd) Importer(815301076,1909f56bfc062723c751e8b465ee728b)
Start importing Assets/Scripts/RayController.cs using Guid(9b86ab288f68373499eb804e4374abfd) Importer(815301076,1909f56bfc062723c751e8b465ee728b)  -> (artifact id: 'e62a9913dc944ab409c3726d6fbb24a4') in 0.024980 seconds 
  Import took 0.039563 seconds .

========================================================================
Received Prepare
Registering precompiled user dll's ...
Registered in 0.065529 seconds.
Begin MonoManager ReloadAssembly
Native extension for WindowsStandalone target not found
Refreshing native plugins compatible for Editor in 1.81 ms, found 9 plugins.
Preloading 1 native plugins for Editor in 0.31 ms.
Mono: successfully reloaded assembly
- Completed reload, in  3.116 seconds
Platform modules already initialized, skipping
Refreshing native plugins compatible for Editor in 51.08 ms, found 9 plugins.
Preloading 1 native plugins for Editor in 0.38 ms.
Unloading 2174 Unused Serialized files (Serialized files now loaded: 0)
System memory in use before: 116.0 MB.
System memory in use after: 115.8 MB.

Unloading 21 unused Assets to reduce memory usage. Loaded Objects now: 2759.
Total: 6.938500 ms (FindLiveObjects: 0.525700 ms CreateObjectMapping: 0.267200 ms MarkObjects: 5.068600 ms  DeleteObjects: 1.073800 ms)

AssetImportParameters requested are different than current active one (requested -> active):
  custom:framework-win-MediaFoundation: 216162199b28c13a410421893ffa2e32 -> 
  custom:video-decoder-ogg-theora: a1e56fd34408186e4bbccfd4996cb3dc -> 
  custom:container-muxer-webm: aa71ff27fc2769a1b78a27578f13a17b -> 
  custom:container-demuxer-webm: 4f35f7cbe854078d1ac9338744f61a02 -> 
  custom:container-demuxer-ogg: 62fdf1f143b41e24485cea50d1cbac27 -> 
  custom:video-encoder-webm-vp8: eb34c28f22e8b96e1ab97ce403110664 -> 
  custom:video-codec-MediaFoundation-h265: 746d11721c4dcdbdad8f713fa42b33f4 -> 
  custom:video-decoder-webm-vp8: 9c59270c3fd7afecdb556c50c9e8de78 -> 
  custom:audio-decoder-ogg-vorbis: bf7c407c2cedff20999df2af8eb42d56 -> 
  custom:audio-encoder-webm-vorbis: bf7c407c2cedff20999df2af8eb42d56 -> 
